Log file open, 01/03/18 10:53:06
LogWindows: Failed to load 'aqProf.dll' (GetLastError=126)
LogWindows: File 'aqProf.dll' does not exist
LogWindows: Failed to load 'VtuneApi.dll' (GetLastError=126)
LogWindows: File 'VtuneApi.dll' does not exist
LogWindows: Failed to load 'VtuneApi32e.dll' (GetLastError=126)
LogWindows: File 'VtuneApi32e.dll' does not exist
LogInit: Display: Running engine for game: SniperAcademy
LogPlatformFile: Not using cached read wrapper
LogInit: Display: RandInit(-1757280239) SRandInit(-1757280239).
LogTaskGraph: Started task graph with 5 named threads and 14 total threads with 3 sets of task threads.
LogStats: Stats thread started at 0.167573
LogD3D11RHI: Aftermath initialized
LogPluginManager: Mounting plugin Paper2D
LogPluginManager: Mounting plugin LightPropagationVolume
LogPluginManager: Mounting plugin CodeLiteSourceCodeAccess
LogPluginManager: Mounting plugin GitSourceControl
LogPluginManager: Mounting plugin KDevelopSourceCodeAccess
LogPluginManager: Mounting plugin NullSourceCodeAccess
LogPluginManager: Mounting plugin PerforceSourceControl
LogPluginManager: Mounting plugin SubversionSourceControl
LogPluginManager: Mounting plugin UObjectPlugin
LogPluginManager: Mounting plugin VisualStudioSourceCodeAccess
LogPluginManager: Mounting plugin XCodeSourceCodeAccess
LogPluginManager: Mounting plugin AssetManagerEditor
LogPluginManager: Mounting plugin AudioCapture
LogPluginManager: Mounting plugin FacialAnimation
LogPluginManager: Mounting plugin GameplayTagsEditor
LogPluginManager: Mounting plugin MobileLauncherProfileWizard
LogPluginManager: Mounting plugin PluginBrowser
LogPluginManager: Mounting plugin SpeedTreeImporter
LogPluginManager: Mounting plugin AlembicImporter
LogPluginManager: Mounting plugin CharacterAI
LogPluginManager: Mounting plugin HTML5Networking
LogPluginManager: Mounting plugin AndroidMedia
LogPluginManager: Mounting plugin AvfMedia
LogPluginManager: Mounting plugin MediaPlayerEditor
LogPluginManager: Mounting plugin WmfMedia
LogPluginManager: Mounting plugin TcpMessaging
LogPluginManager: Mounting plugin UdpMessaging
LogPluginManager: Mounting plugin LevelSequenceEditor
LogPluginManager: Mounting plugin MatineeToLevelSequence
LogPluginManager: Mounting plugin OnlineSubsystemGooglePlay
LogPluginManager: Mounting plugin OnlineSubsystemIOS
LogPluginManager: Mounting plugin OnlineSubsystem
LogPluginManager: Mounting plugin OnlineSubsystemNull
LogPluginManager: Mounting plugin OnlineSubsystemUtils
LogPluginManager: Mounting plugin AndroidDeviceProfileSelector
LogPluginManager: Mounting plugin AndroidMoviePlayer
LogPluginManager: Mounting plugin AndroidPermission
LogPluginManager: Mounting plugin AppleMoviePlayer
LogPluginManager: Mounting plugin ArchVisCharacter
LogPluginManager: Mounting plugin CableComponent
LogPluginManager: Mounting plugin CustomMeshComponent
LogPluginManager: Mounting plugin ExampleDeviceProfileSelector
LogPluginManager: Mounting plugin GoogleCloudMessaging
LogPluginManager: Mounting plugin ImmediatePhysics
LogPluginManager: Mounting plugin IOSDeviceProfileSelector
LogPluginManager: Mounting plugin LinuxDeviceProfileSelector
LogPluginManager: Mounting plugin LocationServicesBPLibrary
LogPluginManager: Mounting plugin MobilePatchingUtils
LogPluginManager: Mounting plugin OculusVR
LogPluginManager: Mounting plugin PhysXVehicles
LogPluginManager: Mounting plugin ProceduralMeshComponent
LogPluginManager: Mounting plugin RuntimePhysXCooking
LogPluginManager: Mounting plugin SteamVR
LogPluginManager: Mounting plugin WindowsMoviePlayer
LogInit: Using libcurl 7.47.1
LogInit:  - built for x86_64-pc-win32
LogInit:  - supports SSL with OpenSSL/1.0.2g
LogInit:  - supports HTTP deflate (compression) using libz 1.2.8
LogInit:  - other features:
LogInit:      CURL_VERSION_SSL
LogInit:      CURL_VERSION_LIBZ
LogInit:      CURL_VERSION_IPV6
LogInit:      CURL_VERSION_ASYNCHDNS
LogInit:      CURL_VERSION_LARGEFILE
LogInit:      CURL_VERSION_IDN
LogInit:  CurlRequestOptions (configurable via config and command line):
LogInit:  - bVerifyPeer = false  - Libcurl will NOT verify peer certificate
LogInit:  - bUseHttpProxy = false  - Libcurl will NOT use HTTP proxy
LogInit:  - bDontReuseConnections = false  - Libcurl will reuse connections
LogInit:  - CertBundlePath = nullptr  - Libcurl will use whatever was configured at build time.
LogInit: Build: ++UE4+Release-4.17-CL-3658906
LogInit: Engine Version: 4.17.2-3658906+++UE4+Release-4.17
LogInit: Compatible Engine Version: 4.17.0-3573198+++UE4+Release-4.17
LogInit: Net CL: 3573198
LogDevObjectVersion: Number of dev versions registered: 16
LogDevObjectVersion:   Dev-Blueprints (B0D832E4-1F89-4F0D-ACCF-7EB736FD4AA2): 10
LogDevObjectVersion:   Dev-Build (E1C64328-A22C-4D53-A36C-8E866417BD8C): 0
LogDevObjectVersion:   Dev-Core (375EC13C-06E4-48FB-B500-84F0262A717E): 2
LogDevObjectVersion:   Dev-Editor (E4B068ED-F494-42E9-A231-DA0B2E46BB41): 20
LogDevObjectVersion:   Dev-Framework (CFFC743F-43B0-4480-9391-14DF171D2073): 28
LogDevObjectVersion:   Dev-Mobile (B02B49B5-BB20-44E9-A304-32B752E40360): 0
LogDevObjectVersion:   Dev-Networking (A4E4105C-59A1-49B5-A7C5-40C4547EDFEE): 0
LogDevObjectVersion:   Dev-Online (39C831C9-5AE6-47DC-9A44-9C173E1C8E7C): 0
LogDevObjectVersion:   Dev-Physics (78F01B33-EBEA-4F98-B9B4-84EACCB95AA2): 0
LogDevObjectVersion:   Dev-Platform (6631380F-2D4D-43E0-8009-CF276956A95A): 0
LogDevObjectVersion:   Dev-Rendering (12F88B9F-8875-4AFC-A67C-D90C383ABD29): 19
LogDevObjectVersion:   Dev-Sequencer (7B5AE74C-D270-4C10-A958-57980B212A5A): 4
LogDevObjectVersion:   Dev-VR (D7296918-1DD6-4BDD-9DE2-64A83CC13884): 0
LogDevObjectVersion:   Dev-LoadTimes (C2A15278-BFE7-4AFE-6C17-90FF531DF755): 1
LogDevObjectVersion:   Private-Geometry (6EACA3D4-40EC-4CC1-B786-8BED09428FC5): 1
LogDevObjectVersion:   Dev-AnimPhys (29E575DD-E0A3-4627-9D10-D276232CDCEA): 7
LogInit: Compiled (64-bit): Sep 22 2017 13:47:16
LogInit: Compiled with Visual C++: 19.00.24215.01
LogInit: Build Configuration: Development
LogInit: Branch Name: ++UE4+Release-4.17
LogInit: Command line:  
LogInit: Base directory: E:/UE4/UE_4.17/Engine/Binaries/Win64/
LogInit: Installed Engine Build: 1
LogInit: Presizing for max 8388607 objects, including 0 objects not considered by GC, pre-allocating 0 bytes for permanent pool.
LogInit: Object subsystem initialized
[2018.01.03-15.53.07:756][  0]LogInit: Selected Device Profile: [Windows]
[2018.01.03-15.53.07:756][  0]LogInit: Applying CVar settings loaded from the selected device profile: [Windows]
[2018.01.03-15.53.07:765][  0]LogInit: Computer: DESKTOP-CJ0TBVV
[2018.01.03-15.53.07:765][  0]LogInit: User: jamie
[2018.01.03-15.53.07:765][  0]LogInit: CPU Page size=4096, Cores=4
[2018.01.03-15.53.07:765][  0]LogInit: High frequency timer resolution =2.338346 MHz
[2018.01.03-15.53.07:765][  0]LogMemory: Memory total: Physical=15.9GB (16GB approx)
[2018.01.03-15.53.07:765][  0]LogMemory: Platform Memory Stats for Windows
[2018.01.03-15.53.07:765][  0]LogMemory: Process Physical Memory: 279.85 MB used, 279.85 MB peak
[2018.01.03-15.53.07:765][  0]LogMemory: Process Virtual Memory: 282.36 MB used, 282.36 MB peak
[2018.01.03-15.53.07:765][  0]LogMemory: Physical Memory: 6886.05 MB used,  9415.50 MB free, 16301.55 MB total
[2018.01.03-15.53.07:765][  0]LogMemory: Virtual Memory: 677.07 MB used,  9415.50 MB free, 134217728.00 MB total
[2018.01.03-15.53.07:896][  0]LogInit: Using OS detected language (en-US).
[2018.01.03-15.53.07:896][  0]LogInit: Using OS detected locale (en-US).
[2018.01.03-15.53.07:900][  0]LogTextLocalizationManager: No specific localization for 'en-US' exists, so the 'en' localization will be used.
[2018.01.03-15.53.08:707][  0]LogD3D11RHI: D3D11 adapters:
[2018.01.03-15.53.08:744][  0]LogD3D11RHI:    0. 'NVIDIA GeForce GTX 765M' (Feature Level 11_0)
[2018.01.03-15.53.08:744][  0]LogD3D11RHI:       2018/0/8150 MB DedicatedVideo/DedicatedSystem/SharedSystem, Outputs:2, VendorId:0x10de
[2018.01.03-15.53.08:745][  0]LogD3D11RHI:    1. 'Microsoft Basic Render Driver' (Feature Level 11_0)
[2018.01.03-15.53.08:745][  0]LogD3D11RHI:       0/0/8150 MB DedicatedVideo/DedicatedSystem/SharedSystem, Outputs:0, VendorId:0x1414
[2018.01.03-15.53.08:745][  0]LogD3D11RHI: Chosen D3D11 Adapter: 0
[2018.01.03-15.53.08:752][  0]LogD3D11RHI: Creating new Direct3DDevice
[2018.01.03-15.53.08:752][  0]LogD3D11RHI:     GPU DeviceId: 0x11e2 (for the marketing name, search the web for "GPU Device Id")
[2018.01.03-15.53.08:752][  0]LogWindows: EnumDisplayDevices:
[2018.01.03-15.53.08:752][  0]LogWindows:    0. 'NVIDIA GeForce GTX 765M' (P:1 D:1)
[2018.01.03-15.53.08:752][  0]LogWindows:    1. 'NVIDIA GeForce GTX 765M' (P:0 D:1)
[2018.01.03-15.53.08:752][  0]LogWindows:    2. 'NVIDIA GeForce GTX 765M' (P:0 D:0)
[2018.01.03-15.53.08:752][  0]LogWindows:    3. 'NVIDIA GeForce GTX 765M' (P:0 D:0)
[2018.01.03-15.53.08:752][  0]LogWindows: DebugString: FoundDriverCount:4 
[2018.01.03-15.53.08:752][  0]LogD3D11RHI:     Adapter Name: NVIDIA GeForce GTX 765M
[2018.01.03-15.53.08:752][  0]LogD3D11RHI:   Driver Version: 388.71 (internal:23.21.13.8871, unified:388.71)
[2018.01.03-15.53.08:752][  0]LogD3D11RHI:      Driver Date: 12-15-2017
[2018.01.03-15.53.08:752][  0]LogRHI: Texture pool is 1361 MB (70% of 1945 MB)
[2018.01.03-15.53.08:780][  0]LogD3D11RHI: Async texture creation enabled
[2018.01.03-15.53.08:802][  0]LogD3D11RHI: GPU Timing Frequency: 1000.000000 (Debug: 2 2)
[2018.01.03-15.53.08:804][  0]LogShaderCompilers: Guid format shader working directory is -16 characters bigger than the processId version (C:/Users/jamie/Desktop/UE4Noobs/Project/URNoobs/SniperAcademy/Intermediate/Shaders/WorkingDirectory/12492/).
[2018.01.03-15.53.08:804][  0]LogShaderCompilers: Cleaned the shader compiler working directory 'C:/Users/jamie/AppData/Local/Temp/UnrealShaderWorkingDir/B513691C4B9853E0E0C79992FA7F6EEB/'.
[2018.01.03-15.53.08:805][  0]LogShaderCompilers: Display: Using Local Shader Compiler.
[2018.01.03-15.53.09:878][  0]LogTemp: Display: Loaded TP AllDesktopTargetPlatform
[2018.01.03-15.53.09:927][  0]LogTemp: Display: Loaded TP MacClientTargetPlatform
[2018.01.03-15.53.09:975][  0]LogTemp: Display: Loaded TP MacNoEditorTargetPlatform
[2018.01.03-15.53.10:025][  0]LogTemp: Display: Loaded TP MacServerTargetPlatform
[2018.01.03-15.53.10:075][  0]LogTemp: Display: Loaded TP MacTargetPlatform
[2018.01.03-15.53.10:125][  0]LogTemp: Display: Loaded TP WindowsClientTargetPlatform
[2018.01.03-15.53.10:174][  0]LogTemp: Display: Loaded TP WindowsNoEditorTargetPlatform
[2018.01.03-15.53.10:223][  0]LogTemp: Display: Loaded TP WindowsServerTargetPlatform
[2018.01.03-15.53.10:270][  0]LogTemp: Display: Loaded TP WindowsTargetPlatform
[2018.01.03-15.53.10:318][  0]LogTemp: Display: Loaded TP AndroidTargetPlatform
[2018.01.03-15.53.10:368][  0]LogTemp: Display: Loaded TP Android_ASTCTargetPlatform
[2018.01.03-15.53.10:417][  0]LogTemp: Display: Loaded TP Android_ATCTargetPlatform
[2018.01.03-15.53.10:466][  0]LogTemp: Display: Loaded TP Android_DXTTargetPlatform
[2018.01.03-15.53.10:516][  0]LogTemp: Display: Loaded TP Android_ETC1TargetPlatform
[2018.01.03-15.53.10:567][  0]LogTemp: Display: Loaded TP Android_ETC2TargetPlatform
[2018.01.03-15.53.10:667][  0]LogTemp: Display: Loaded TP Android_MultiTargetPlatform
[2018.01.03-15.53.10:667][  0]LogTemp: Display: Loaded TP Android_PVRTCTargetPlatform
[2018.01.03-15.53.10:707][  0]LogTemp: Display: Loaded TP HTML5TargetPlatform
[2018.01.03-15.53.10:794][  0]LogTemp: Display: Loaded TP IOSTargetPlatform
[2018.01.03-15.53.10:822][  0]LogTemp: Display: Loaded TP TVOSTargetPlatform
[2018.01.03-15.53.10:875][  0]LogTemp: Display: Loaded TP LinuxClientTargetPlatform
[2018.01.03-15.53.10:929][  0]LogTemp: Display: Loaded TP LinuxNoEditorTargetPlatform
[2018.01.03-15.53.10:979][  0]LogTemp: Display: Loaded TP LinuxServerTargetPlatform
[2018.01.03-15.53.11:033][  0]LogTemp: Display: Loaded TP LinuxTargetPlatform
[2018.01.03-15.53.11:033][  0]LogTargetPlatformManager: Display: Building Assets For Windows
[2018.01.03-15.53.11:475][  0]LogDerivedDataCache: Display: Max Cache Size: 512 MB
[2018.01.03-15.53.11:576][  0]LogDerivedDataCache: Loaded boot cache 0.10s 93MB C:/Users/jamie/AppData/Local/UnrealEngine/4.17/DerivedDataCache/Boot.ddc.
[2018.01.03-15.53.11:576][  0]LogDerivedDataCache: Display: Loaded Boot cache: C:/Users/jamie/AppData/Local/UnrealEngine/4.17/DerivedDataCache/Boot.ddc
[2018.01.03-15.53.11:576][  0]LogDerivedDataCache: FDerivedDataBackendGraph:  Pak pak cache file C:/Users/jamie/Desktop/UE4Noobs/Project/URNoobs/SniperAcademy/DerivedDataCache/DDC.ddp not found, will not use a pak cache.
[2018.01.03-15.53.11:576][  0]LogDerivedDataCache: Unable to find inner node Pak for hierarchical cache Hierarchy.
[2018.01.03-15.53.11:576][  0]LogDerivedDataCache: FDerivedDataBackendGraph:  CompressedPak pak cache file C:/Users/jamie/Desktop/UE4Noobs/Project/URNoobs/SniperAcademy/DerivedDataCache/Compressed.ddp not found, will not use a pak cache.
[2018.01.03-15.53.11:576][  0]LogDerivedDataCache: Unable to find inner node CompressedPak for hierarchical cache Hierarchy.
[2018.01.03-15.53.11:594][  0]LogDerivedDataCache: Display: Pak cache opened for reading ../../../Engine/DerivedDataCache/Compressed.ddp.
[2018.01.03-15.53.11:606][  0]LogDerivedDataCache: Using Local data cache path C:/Users/jamie/AppData/Local/UnrealEngine/Common/DerivedDataCache: Writable
[2018.01.03-15.53.11:618][  0]LogMaterial: Verifying Global Shaders for PCD3D_SM5
[2018.01.03-15.53.11:618][  0]LogSlate: Using Freetype 2.6.0
[2018.01.03-15.53.11:619][  0]LogSlate: SlateFontCache - WITH_FREETYPE: 1, WITH_HARFBUZZ: 1
[2018.01.03-15.53.11:619][  0]LogSlate: SlateFontCache - WITH_FREETYPE: 1, WITH_HARFBUZZ: 1
[2018.01.03-15.53.11:918][  0]LogAssetRegistry: FAssetRegistry took 0.0264 seconds to start up
[2018.01.03-15.53.12:035][  0]LogInit: Selected Device Profile: [Windows]
[2018.01.03-15.53.12:398][  0]LogSimplygon: Simplygon DLL not present - disabling.
[2018.01.03-15.53.12:435][  0]LogMeshReduction: Using SimplygonSwarm for distributed automatic mesh merging
[2018.01.03-15.53.12:435][  0]LogMeshReduction: Using QuadricMeshReduction for automatic static mesh reduction
[2018.01.03-15.53.12:435][  0]LogMeshReduction: No automatic skeletal mesh reduction module available
[2018.01.03-15.53.12:435][  0]LogMeshReduction: No automatic mesh merging module available
[2018.01.03-15.53.12:435][  0]LogMeshMerging: No automatic mesh merging module available
[2018.01.03-15.53.12:436][  0]LogContentStreaming: Texture pool size is 0.00 MB
[2018.01.03-15.53.12:895][  0]LogNetVersion: SniperAcademy , NetCL: 3573198, EngineNetVer: 2, GameNetVer: 0 (Checksum: 2105103927)
[2018.01.03-15.53.13:097][  0]LogPackageLocalizationCache: Processed 5 localized package path(s) for 2 prioritized culture(s) in 0.040779 seconds
[2018.01.03-15.53.13:103][  0]LogUObjectArray: 35825 objects as part of root set at end of initial load.
[2018.01.03-15.53.13:103][  0]LogUObjectAllocator: 7529104 out of 0 bytes used by permanent object pool.
[2018.01.03-15.53.13:103][  0]LogUObjectArray: CloseDisregardForGC: 0/0 objects in disregard for GC pool
[2018.01.03-15.53.13:148][  0]LogInit: WinSock: version 1.1 (2.2), MaxSocks=32767, MaxUdp=65467
[2018.01.03-15.53.15:803][  0]LogTcpMessaging: Initializing TcpMessaging bridge
[2018.01.03-15.53.15:841][  0]LogUdpMessaging: Initializing bridge on interface 0.0.0.0:0 to multicast group 230.0.0.1:6666.
[2018.01.03-15.53.16:542][  0]LogMaterial: Uniform references updated for custom material expression Custom.
[2018.01.03-15.53.16:941][  0]SourceControl: Source control is disabled
[2018.01.03-15.53.16:941][  0]SourceControl: Source control is disabled
[2018.01.03-15.53.16:989][  0]SourceControl: Source control is disabled
[2018.01.03-15.53.17:038][  0]SourceControl: Source control is disabled
[2018.01.03-15.53.17:608][  0]LogAndroidPermission: UAndroidPermissionCallbackProxy::GetInstance
[2018.01.03-15.53.17:854][  0]LogOcInput: OculusInput pre-init called
[2018.01.03-15.53.18:107][  0]LogEngine: Initializing Engine...
[2018.01.03-15.53.18:109][  0]LogHMD: Failed to initialize OpenVR with code 110
[2018.01.03-15.53.18:340][  0]LogStats: UGameplayTagsManager::ConstructGameplayTagTree: Construct from data asset -  0.000 s
[2018.01.03-15.53.18:340][  0]LogStats: UGameplayTagsManager::ConstructGameplayTagTree: GameplayTagTreeChangedEvent.Broadcast -  0.000 s
[2018.01.03-15.53.18:455][  0]LogAIModule: Creating AISystem for world Untitled
[2018.01.03-15.53.18:463][  0]LogInit: XAudio2 using 'Headset Earphone (HyperX 7.1 Audio)' : 2 channels at 44.1 kHz using 16 bits per sample (channel mask 0x3)
[2018.01.03-15.53.18:475][  0]LogInit: FAudioDevice initialized.
[2018.01.03-15.53.18:704][  0]LogDerivedDataCache: Saved boot cache 0.23s 93MB C:/Users/jamie/AppData/Local/UnrealEngine/4.17/DerivedDataCache/Boot.ddc.
[2018.01.03-15.53.18:709][  0]LogInit: Texture streaming: Enabled
[2018.01.03-15.53.18:792][  0]LogEngineSessionManager: EngineSessionManager initialized
[2018.01.03-15.53.18:989][  0]LogInit: Transaction tracking system initialized
[2018.01.03-15.53.19:281][  0]BlueprintLog: New page: Editor Load
[2018.01.03-15.53.20:048][  0]LocalizationService: Localization service is disabled
[2018.01.03-15.53.20:972][  0]LogConsoleResponse: Display: 
[2018.01.03-15.53.21:164][  0]LogCook: Display: Max memory allowance for cook 16384mb min free memory 0mb
[2018.01.03-15.53.21:164][  0]LogCook: Display: Mobile HDR setting 1
[2018.01.03-15.53.21:164][  0]LogGameplayTags: Display: UGameplayTagsManager::DoneAddingNativeTags. DelegateIsBound: 0
[2018.01.03-15.53.21:176][  0]LogFileCache: Scanning file cache for directory 'C:/Users/jamie/Desktop/UE4Noobs/Project/URNoobs/SniperAcademy/Content/' took 0.02s
[2018.01.03-15.53.22:198][  0]SourceControl: Source control is disabled
[2018.01.03-15.53.22:198][  0]Cmd: MAP LOAD FILE="C:/Users/jamie/Desktop/UE4Noobs/Project/URNoobs/SniperAcademy/Content/Assets/Map/StartScreen.umap" TEMPLATE=0 SHOWPROGRESS=1 FEATURELEVEL=3
[2018.01.03-15.53.22:199][  0]LightingResults: New page: Lighting Build
[2018.01.03-15.53.22:236][  0]MapCheck: New page: Map Check
[2018.01.03-15.53.22:236][  0]LightingResults: New page: Lighting Build
[2018.01.03-15.53.22:277][  0]LogAIModule: Creating AISystem for world StartScreen
[2018.01.03-15.53.22:278][  0]LogEditorServer: Finished looking for orphan Actors (0.000 secs)
[2018.01.03-15.53.22:290][  0]Cmd: MAP CHECKDEP NOCLEARLOG
[2018.01.03-15.53.22:352][  0]MapCheck: Map check complete: 0 Error(s), 0 Warning(s), took 61.968ms to complete.
[2018.01.03-15.53.22:352][  0]LogFileHelpers: Loading map 'StartScreen' took 0.154
[2018.01.03-15.53.22:417][  0]LogWindowsTextInputMethodSystem: Display: IME system now deactivated.
[2018.01.03-15.53.22:497][  0]LogCollectionManager: Loaded 0 collections in 0.001289 seconds
[2018.01.03-15.53.22:572][  0]LogFileCache: Scanning file cache for directory 'C:/Users/jamie/Desktop/UE4Noobs/Project/URNoobs/SniperAcademy/Saved/Collections/' took 0.01s
[2018.01.03-15.53.22:572][  0]LogFileCache: Scanning file cache for directory 'C:/Users/jamie/Desktop/UE4Noobs/Project/URNoobs/SniperAcademy/Content/Developers/jamie/Collections/' took 0.01s
[2018.01.03-15.53.22:572][  0]LogFileCache: Scanning file cache for directory 'C:/Users/jamie/Desktop/UE4Noobs/Project/URNoobs/SniperAcademy/Content/Collections/' took 0.01s
[2018.01.03-15.53.22:573][  0]LogCollectionManager: Rebuilt the GUID cache for 0 collections in 0.000000 seconds
[2018.01.03-15.53.22:583][  0]LogContentBrowser: Native class hierarchy populated in 0.0108 seconds. Added 2393 classes and 502 folders.
[2018.01.03-15.53.22:639][  0]LogContentBrowser: Native class hierarchy updated for 'WidgetCarousel' in 0.0023 seconds. Added 0 classes and 0 folders.
[2018.01.03-15.53.22:708][  0]LogContentBrowser: Native class hierarchy updated for 'AddContentDialog' in 0.0024 seconds. Added 0 classes and 0 folders.
[2018.01.03-15.53.22:751][  0]LogContentBrowser: Native class hierarchy updated for 'SceneOutliner' in 0.0023 seconds. Added 1 classes and 2 folders.
[2018.01.03-15.53.22:815][  0]LogSlate: Took 0.000355 seconds to synchronously load lazily loaded font '../../../Engine/Content/Slate/Fonts/Roboto-Regular.ttf' (155K)
[2018.01.03-15.53.22:818][  0]LogSlate: Took 0.000285 seconds to synchronously load lazily loaded font '../../../Engine/Content/Slate/Fonts/Roboto-Bold.ttf' (160K)
[2018.01.03-15.53.22:823][  0]LogSlate: Took 0.000279 seconds to synchronously load lazily loaded font '../../../Engine/Content/Editor/Slate/Fonts/FontAwesome.ttf' (139K)
[2018.01.03-15.53.22:921][  0]LogRenderer: Reallocating scene render targets to support 920x456 Format 9 NumSamples 1 (Frame:1).
[2018.01.03-15.53.23:083][  0]LogContentBrowser: Native class hierarchy updated for 'HierarchicalLODOutliner' in 0.0024 seconds. Added 1 classes and 2 folders.
[2018.01.03-15.53.23:083][  0]LogLoad: (Engine Initialization) Total time: 17.87 seconds
[2018.01.03-15.53.23:083][  0]LogLoad: (Engine Initialization) Total Blueprint compile time: 0.00 seconds
[2018.01.03-15.53.23:084][  0]LogExternalProfiler: Found external profiler: VSPerf
[2018.01.03-15.53.23:084][  0]LogExternalProfiler: Using external profiler: VSPerf
[2018.01.03-15.53.23:121][  0]LogContentStreaming: Texture pool size now 400 MB
[2018.01.03-15.53.23:163][  0]LogSlate: Took 0.000329 seconds to synchronously load lazily loaded font '../../../Engine/Content/Slate/Fonts/Roboto-Light.ttf' (159K)
[2018.01.03-15.53.23:263][  1]LogAssetRegistry: Asset discovery search completed in 11.3667 seconds
[2018.01.03-15.53.23:265][  1]LogCollectionManager: Rebuilt the object cache for 0 collections in 0.000000 seconds (found 0 objects)
[2018.01.03-15.53.23:265][  1]LogCollectionManager: Fixed up redirectors for 0 collections in 0.000037 seconds (updated 0 objects)
[2018.01.03-15.53.58:042][ 88]LogStreaming: Warning: Failed to open ANSI TEXT file C:/Users/jamie/Desktop/UE4Noobs/Project/URNoobs/SniperAcademy/Saved/HardwareSurvey/dxdiag.txt
[2018.01.03-15.53.58:075][ 89]LogSynthBenchmark: Display: FSynthBenchmark (V0.95):  requested WorkScale=5.00
[2018.01.03-15.53.58:075][ 89]LogSynthBenchmark: Display: ===============
[2018.01.03-15.53.58:075][ 89]LogSynthBenchmark: Display: Main Processor:
[2018.01.03-15.53.58:291][ 89]LogSynthBenchmark: Display:          ... 0.022145 s/Run 'RayIntersect'
[2018.01.03-15.53.58:291][ 89]LogSynthBenchmark: Display:          ... 0.021007 s/Run 'Fractal'
[2018.01.03-15.53.58:291][ 89]LogSynthBenchmark: Display: 
[2018.01.03-15.53.58:291][ 89]LogSynthBenchmark: Display:   CompiledTarget_x_Bits: 64
[2018.01.03-15.53.58:291][ 89]LogSynthBenchmark: Display:   UE_BUILD_SHIPPING: 0
[2018.01.03-15.53.58:291][ 89]LogSynthBenchmark: Display:   UE_BUILD_TEST: 0
[2018.01.03-15.53.58:291][ 89]LogSynthBenchmark: Display:   UE_BUILD_DEBUG: 0
[2018.01.03-15.53.58:291][ 89]LogSynthBenchmark: Display:   TotalPhysicalGBRam: 16
[2018.01.03-15.53.58:291][ 89]LogSynthBenchmark: Display:   NumberOfCores (physical): 4
[2018.01.03-15.53.58:291][ 89]LogSynthBenchmark: Display:   NumberOfCores (logical): 8
[2018.01.03-15.53.58:291][ 89]LogSynthBenchmark: Display:   CPU Perf Index 0: 115.6 (weight 1.00)
[2018.01.03-15.53.58:291][ 89]LogSynthBenchmark: Display:   CPU Perf Index 1: 136.1 (weight 1.50)
[2018.01.03-15.53.58:291][ 89]LogSynthBenchmark: Display:  
[2018.01.03-15.53.58:291][ 89]LogSynthBenchmark: Display: Graphics:
[2018.01.03-15.53.58:291][ 89]LogSynthBenchmark: Display:   Adapter Name: 'NVIDIA GeForce GTX 765M'
[2018.01.03-15.53.58:291][ 89]LogSynthBenchmark: Display:   (On Optimus the name might be wrong, memory should be ok)
[2018.01.03-15.53.58:291][ 89]LogSynthBenchmark: Display:   Vendor Id: 0x10DE
[2018.01.03-15.53.58:291][ 89]LogSynthBenchmark: Display:   Device Id: 0x11E2
[2018.01.03-15.53.58:291][ 89]LogSynthBenchmark: Display:   Device Revision: 0xA1
[2018.01.03-15.53.58:291][ 89]LogSynthBenchmark: Display:   GPU Memory: 2019/0/8151 MB
[2018.01.03-15.53.58:387][ 89]LogSynthBenchmark: Display:   GPU first test: 0.04s
[2018.01.03-15.53.58:387][ 89]LogSynthBenchmark: Display:          ... 1.723 s/GigaPix, Confidence=100% 'ALUHeavyNoise' (likely to be very inaccurate)
[2018.01.03-15.53.58:387][ 89]LogSynthBenchmark: Display:          ... 2.582 s/GigaPix, Confidence=100% 'TexHeavy' (likely to be very inaccurate)
[2018.01.03-15.53.58:387][ 89]LogSynthBenchmark: Display:          ... 1.389 s/GigaPix, Confidence=100% 'DepTexHeavy' (likely to be very inaccurate)
[2018.01.03-15.53.58:387][ 89]LogSynthBenchmark: Display:          ... 5.196 s/GigaPix, Confidence=100% 'FillOnly' (likely to be very inaccurate)
[2018.01.03-15.53.58:387][ 89]LogSynthBenchmark: Display:          ... 0.384 s/GigaPix, Confidence=100% 'Bandwidth' (likely to be very inaccurate)
[2018.01.03-15.53.58:387][ 89]LogSynthBenchmark: Display:          ... 0.836 s/GigaVert, Confidence=100% 'VertThroughPut1' (likely to be very inaccurate)
[2018.01.03-15.53.58:387][ 89]LogSynthBenchmark: Display:          ... 1.486 s/GigaVert, Confidence=100% 'VertThroughPut2' (likely to be very inaccurate)
[2018.01.03-15.53.58:792][ 89]LogSynthBenchmark: Display:   GPU second test: 0.36s
[2018.01.03-15.53.58:792][ 89]LogSynthBenchmark: Display:          ... 1.987 s/GigaPix, Confidence=100% 'ALUHeavyNoise' (likely to be inaccurate)
[2018.01.03-15.53.58:792][ 89]LogSynthBenchmark: Display:          ... 3.374 s/GigaPix, Confidence=89% 'TexHeavy' (likely to be inaccurate)
[2018.01.03-15.53.58:792][ 89]LogSynthBenchmark: Display:          ... 1.672 s/GigaPix, Confidence=100% 'DepTexHeavy' (likely to be inaccurate)
[2018.01.03-15.53.58:792][ 89]LogSynthBenchmark: Display:          ... 8.540 s/GigaPix, Confidence=100% 'FillOnly' (likely to be inaccurate)
[2018.01.03-15.53.58:792][ 89]LogSynthBenchmark: Display:          ... 0.426 s/GigaPix, Confidence=100% 'Bandwidth' (likely to be inaccurate)
[2018.01.03-15.53.58:792][ 89]LogSynthBenchmark: Display:          ... 0.732 s/GigaVert, Confidence=100% 'VertThroughPut1' (likely to be inaccurate)
[2018.01.03-15.53.58:792][ 89]LogSynthBenchmark: Display:          ... 1.383 s/GigaVert, Confidence=100% 'VertThroughPut2' (likely to be inaccurate)
[2018.01.03-15.53.58:792][ 89]LogSynthBenchmark: Display:   GPU Final Results:
[2018.01.03-15.53.58:792][ 89]LogSynthBenchmark: Display:          ... 1.987 s/GigaPix, Confidence=100% 'ALUHeavyNoise'
[2018.01.03-15.53.58:792][ 89]LogSynthBenchmark: Display:          ... 3.374 s/GigaPix, Confidence=89% 'TexHeavy'
[2018.01.03-15.53.58:792][ 89]LogSynthBenchmark: Display:          ... 1.672 s/GigaPix, Confidence=100% 'DepTexHeavy'
[2018.01.03-15.53.58:792][ 89]LogSynthBenchmark: Display:          ... 8.540 s/GigaPix, Confidence=100% 'FillOnly'
[2018.01.03-15.53.58:792][ 89]LogSynthBenchmark: Display:          ... 0.426 s/GigaPix, Confidence=100% 'Bandwidth'
[2018.01.03-15.53.58:792][ 89]LogSynthBenchmark: Display:          ... 0.732 s/GigaVert, Confidence=100% 'VertThroughPut1'
[2018.01.03-15.53.58:792][ 89]LogSynthBenchmark: Display:          ... 1.383 s/GigaVert, Confidence=100% 'VertThroughPut2'
[2018.01.03-15.53.58:792][ 89]LogSynthBenchmark: Display: 
[2018.01.03-15.53.58:792][ 89]LogSynthBenchmark: Display:   GPU Perf Index 0: 43.2 (weight 1.00)
[2018.01.03-15.53.58:792][ 89]LogSynthBenchmark: Display:   GPU Perf Index 1: 45.3 (weight 0.10)
[2018.01.03-15.53.58:792][ 89]LogSynthBenchmark: Display:   GPU Perf Index 2: 43.5 (weight 0.10)
[2018.01.03-15.53.58:792][ 89]LogSynthBenchmark: Display:   GPU Perf Index 3: 33.5 (weight 3.00)
[2018.01.03-15.53.58:792][ 89]LogSynthBenchmark: Display:   GPU Perf Index 4: 39.7 (weight 1.00)
[2018.01.03-15.53.58:792][ 89]LogSynthBenchmark: Display:   GPU Perf Index 5: 47.6 (weight 0.00)
[2018.01.03-15.53.58:792][ 89]LogSynthBenchmark: Display:   GPU Perf Index 6: 78.3 (weight 0.00)
[2018.01.03-15.53.58:792][ 89]LogSynthBenchmark: Display:   CPUIndex: 127.9
[2018.01.03-15.53.58:792][ 89]LogSynthBenchmark: Display:   GPUIndex: 37.0
[2018.01.03-15.53.58:792][ 89]LogSynthBenchmark: Display: 
[2018.01.03-15.53.58:792][ 89]LogSynthBenchmark: Display:          ... Total Time: 0.716912 sec
[2018.01.03-16.02.04:330][628]Candidate modules for hot reload:
[2018.01.03-16.02.04:330][628]  SniperAcademy
[2018.01.03-16.02.04:330][628]Launching UnrealBuildTool... [E:/UE4/UE_4.17/Engine/Binaries/DotNET/UnrealBuildTool.exe SniperAcademy -ModuleWithSuffix SniperAcademy 9891 Win64 Development -editorrecompile -canskiplink "C:/Users/jamie/Desktop/UE4Noobs/Project/URNoobs/SniperAcademy/SniperAcademy.uproject" ]
[2018.01.03-16.02.04:339][628]Warning: Starting HotReload took  1.7s.
[2018.01.03-16.02.27:186][997]LogSlate: Took 0.000262 seconds to synchronously load lazily loaded font '../../../Engine/Content/Slate/Fonts/Roboto-Light.ttf' (159K)
[2018.01.03-16.02.27:936][997]LogAIModule: Creating AISystem for world GameScreen
[2018.01.03-16.02.27:972][997]Cmd: MAP LOAD FILE="C:/Users/jamie/Desktop/UE4Noobs/Project/URNoobs/SniperAcademy/Content/Assets/Map/GameScreen.umap" TEMPLATE=0 SHOWPROGRESS=1 FEATURELEVEL=3
[2018.01.03-16.02.27:972][997]LightingResults: New page: Lighting Build
[2018.01.03-16.02.27:973][997]LoadErrors: New page: Loading map: GameScreen.umap
[2018.01.03-16.02.27:973][997]MapCheck: New page: Map Check
[2018.01.03-16.02.27:973][997]LightingResults: New page: Lighting Build
[2018.01.03-16.02.28:071][997]LogEditorServer: Finished looking for orphan Actors (0.000 secs)
[2018.01.03-16.02.28:102][997]Cmd: MAP CHECKDEP NOCLEARLOG
[2018.01.03-16.02.28:177][997]MapCheck: Map check complete: 0 Error(s), 0 Warning(s), took 75.63ms to complete.
[2018.01.03-16.02.28:178][997]LogFileHelpers: Loading map 'GameScreen' took 0.207
[2018.01.03-16.04.44:076][115]CompilerResultsLog: New page: Compilation - Jan 3, 2018, 6:04:44 AM
[2018.01.03-16.04.44:076][115]CompilerResultsLog: Compiling game modules for hot reload
[2018.01.03-16.04.44:076][115]CompilerResultsLog: Parsing headers for SniperAcademyEditor
[2018.01.03-16.04.44:076][115]CompilerResultsLog:   Running UnrealHeaderTool "C:\Users\jamie\Desktop\UE4Noobs\Project\URNoobs\SniperAcademy\SniperAcademy.uproject" "C:\Users\jamie\Desktop\UE4Noobs\Project\URNoobs\SniperAcademy\Intermediate\Build\Win64\SniperAcademyEditor\Development\SniperAcademyEditor.uhtmanifest" -LogCmds="loginit warning, logexit warning, logdatabase error" -Unattended -WarningsAsErrors -installed
[2018.01.03-16.04.44:076][115]CompilerResultsLog: Reflection code generated for SniperAcademyEditor in 14.1408623 seconds
[2018.01.03-16.04.44:076][115]CompilerResultsLog: Performing 13 actions (4 in parallel)
[2018.01.03-16.04.44:076][115]CompilerResultsLog: PatorlPoint.gen.cpp
[2018.01.03-16.04.44:076][115]CompilerResultsLog: EnemyCharacter.gen.cpp
[2018.01.03-16.04.44:076][115]CompilerResultsLog: BTTask_MoveToPoint.gen.cpp
[2018.01.03-16.04.44:076][115]CompilerResultsLog: SniperAcademy.init.gen.cpp
[2018.01.03-16.04.44:076][115]CompilerResultsLog: EnemyAIController.gen.cpp
[2018.01.03-16.04.44:076][115]CompilerResultsLog: PatorlPoint.cpp
[2018.01.03-16.04.44:076][115]CompilerResultsLog: EnemyCharacter.cpp
[2018.01.03-16.04.44:076][115]CompilerResultsLog: BTTask_MoveToTarget.gen.cpp
[2018.01.03-16.04.44:076][115]CompilerResultsLog: EnemyAIController.cpp
[2018.01.03-16.04.44:076][115]CompilerResultsLog: BTTask_MoveToTarget.cpp
[2018.01.03-16.04.44:076][115]CompilerResultsLog: BTTask_MoveToPoint.cpp
[2018.01.03-16.04.44:076][115]CompilerResultsLog: [12/13] Link UE4Editor-SniperAcademy-9891.dll
[2018.01.03-16.04.44:076][115]CompilerResultsLog: [13/13] Link UE4Editor-SniperAcademy-9891.lib
[2018.01.03-16.04.44:076][115]CompilerResultsLog:    Creating library C:\Users\jamie\Desktop\UE4Noobs\Project\URNoobs\SniperAcademy\Intermediate\Build\Win64\UE4Editor\Development\UE4Editor-SniperAcademy-9891.lib and object C:\Users\jamie\Desktop\UE4Noobs\Project\URNoobs\SniperAcademy\Intermediate\Build\Win64\UE4Editor\Development\UE4Editor-SniperAcademy-9891.exp
[2018.01.03-16.04.44:077][115]CompilerResultsLog:    Creating library C:\Users\jamie\Desktop\UE4Noobs\Project\URNoobs\SniperAcademy\Intermediate\Build\Win64\UE4Editor\Development\UE4Editor-SniperAcademy-9891.suppressed.lib and object C:\Users\jamie\Desktop\UE4Noobs\Project\URNoobs\SniperAcademy\Intermediate\Build\Win64\UE4Editor\Development\UE4Editor-SniperAcademy-9891.suppressed.exp
[2018.01.03-16.04.44:077][115]CompilerResultsLog: Total build time: 158.97 seconds (Local executor: 113.77 seconds)
[2018.01.03-16.04.44:077][115]LogMainFrame: MainFrame: Module compiling took 161.440 seconds
[2018.01.03-16.04.44:206][115]LogContentBrowser: Native class hierarchy updated for 'SniperAcademy' in 0.0029 seconds. Added 7 classes and 2 folders.
[2018.01.03-16.04.44:207][115]Display: HotReload successful (3 functions remapped  0 scriptstructs remapped)
[2018.01.03-16.04.44:278][115]LogContentBrowser: Native class hierarchy populated in 0.0120 seconds. Added 2395 classes and 506 folders.
[2018.01.03-16.04.44:279][115]Display: HotReload took 161.7s.
[2018.01.03-17.04.45:618][121]Cmd: QUIT_EDITOR
[2018.01.03-17.04.45:705][121]LogWindowsTextInputMethodSystem: Display: IME system now deactivated.
[2018.01.03-17.04.45:717][121]LogExit: Preparing to exit.
[2018.01.03-17.04.46:875][121]LogExit: Editor shut down
[2018.01.03-17.04.46:901][121]LogExit: Transaction tracking system shut down
[2018.01.03-17.04.47:106][121]LogDirectoryWatcher: A directory notification for '../../../Engine/Content/' was aborted.
[2018.01.03-17.04.47:106][121]LogDirectoryWatcher: A directory notification for 'C:/Users/jamie/Desktop/UE4Noobs/Project/URNoobs/SniperAcademy/Content/' was aborted.
[2018.01.03-17.04.47:106][121]LogDirectoryWatcher: A directory notification for '../../../Engine/Plugins/2D/Paper2D/Content/' was aborted.
[2018.01.03-17.04.47:106][121]LogDirectoryWatcher: A directory notification for '../../../Engine/Plugins/Runtime/Oculus/OculusVR/Content/' was aborted.
[2018.01.03-17.04.47:106][121]LogDirectoryWatcher: A directory notification for '../../../Engine/Plugins/Runtime/Steam/SteamVR/Content/' was aborted.
[2018.01.03-17.04.47:446][121]LogExit: Object subsystem successfully closed.
[2018.01.03-17.04.47:506][121]LogD3D11RHI: Shutdown
[2018.01.03-17.04.47:506][121]LogD3D11RHI: CleanupD3DDevice
[2018.01.03-17.04.47:572][121]LogD3D11RHI: ~FD3D11DynamicRHI
[2018.01.03-17.04.47:766][121]LogModuleManager: Shutting down and abandoning module SniperAcademy (535)
[2018.01.03-17.04.47:766][121]LogModuleManager: Shutting down and abandoning module SynthBenchmark (534)
[2018.01.03-17.04.47:766][121]LogModuleManager: Shutting down and abandoning module HierarchicalLODOutliner (532)
[2018.01.03-17.04.47:766][121]LogModuleManager: Shutting down and abandoning module SceneOutliner (530)
[2018.01.03-17.04.47:766][121]LogModuleManager: Shutting down and abandoning module AddContentDialog (528)
[2018.01.03-17.04.47:766][121]LogDirectoryWatcher: A directory notification for 'E:/UE4/UE_4.17/FeaturePacks/' was aborted.
[2018.01.03-17.04.47:772][121]LogModuleManager: Shutting down and abandoning module WidgetCarousel (527)
[2018.01.03-17.04.47:772][121]LogModuleManager: Shutting down and abandoning module EditorWidgets (524)
[2018.01.03-17.04.47:772][121]LogModuleManager: Shutting down and abandoning module CollectionManager (522)
[2018.01.03-17.04.47:772][121]LogDirectoryWatcher: A directory notification for 'C:/Users/jamie/Desktop/UE4Noobs/Project/URNoobs/SniperAcademy/Content/Collections/' was aborted.
[2018.01.03-17.04.47:772][121]LogDirectoryWatcher: A directory notification for 'C:/Users/jamie/Desktop/UE4Noobs/Project/URNoobs/SniperAcademy/Content/Developers/jamie/Collections/' was aborted.
[2018.01.03-17.04.47:773][121]LogDirectoryWatcher: A directory notification for 'C:/Users/jamie/Desktop/UE4Noobs/Project/URNoobs/SniperAcademy/Saved/Collections/' was aborted.
[2018.01.03-17.04.47:773][121]LogModuleManager: Shutting down and abandoning module StatsViewer (520)
[2018.01.03-17.04.47:773][121]LogModuleManager: Shutting down and abandoning module FoliageEdit (518)
[2018.01.03-17.04.47:773][121]LogModuleManager: Shutting down and abandoning module LandscapeEditor (516)
[2018.01.03-17.04.47:778][121]LogModuleManager: Shutting down and abandoning module MeshPaintMode (514)
[2018.01.03-17.04.47:778][121]LogModuleManager: Shutting down and abandoning module SceneDepthPickerMode (512)
[2018.01.03-17.04.47:778][121]LogModuleManager: Shutting down and abandoning module ActorPickerMode (510)
[2018.01.03-17.04.47:778][121]LogModuleManager: Shutting down and abandoning module GeometryMode (508)
[2018.01.03-17.04.47:778][121]LogModuleManager: Shutting down and abandoning module TextureAlignMode (506)
[2018.01.03-17.04.47:778][121]LogModuleManager: Shutting down and abandoning module BspMode (504)
[2018.01.03-17.04.47:778][121]LogModuleManager: Shutting down and abandoning module PIEPreviewDeviceProfileSelector (502)
[2018.01.03-17.04.47:778][121]LogModuleManager: Shutting down and abandoning module HardwareSurvey (500)
[2018.01.03-17.04.47:778][121]LogModuleManager: Shutting down and abandoning module SequenceRecorderSections (498)
[2018.01.03-17.04.47:778][121]LogModuleManager: Shutting down and abandoning module AutomationWorker (496)
[2018.01.03-17.04.47:778][121]LogModuleManager: Shutting down and abandoning module MatineeToLevelSequence (494)
[2018.01.03-17.04.47:778][121]LogModuleManager: Shutting down and abandoning module LevelSequenceEditor (492)
[2018.01.03-17.04.47:797][121]LogModuleManager: Shutting down and abandoning module PlacementMode (491)
[2018.01.03-17.04.47:797][121]LogModuleManager: Shutting down and abandoning module WmfMediaFactory (488)
[2018.01.03-17.04.47:797][121]LogModuleManager: Shutting down and abandoning module WmfMediaEditor (486)
[2018.01.03-17.04.47:797][121]LogModuleManager: Shutting down and abandoning module AvfMediaFactory (484)
[2018.01.03-17.04.47:797][121]LogModuleManager: Shutting down and abandoning module AvfMediaEditor (482)
[2018.01.03-17.04.47:797][121]LogModuleManager: Shutting down and abandoning module AndroidMediaFactory (480)
[2018.01.03-17.04.47:797][121]LogModuleManager: Shutting down and abandoning module Media (479)
[2018.01.03-17.04.47:797][121]LogModuleManager: Shutting down and abandoning module AndroidMediaEditor (476)
[2018.01.03-17.04.47:797][121]LogModuleManager: Shutting down and abandoning module CharacterAI (474)
[2018.01.03-17.04.47:797][121]LogModuleManager: Shutting down and abandoning module AudioCapture (472)
[2018.01.03-17.04.47:797][121]LogModuleManager: Shutting down and abandoning module SequenceRecorder (471)
[2018.01.03-17.04.47:797][121]LogModuleManager: Shutting down and abandoning module SmartSnapping (468)
[2018.01.03-17.04.47:797][121]LogModuleManager: Shutting down and abandoning module SessionServices (466)
[2018.01.03-17.04.47:797][121]LogModuleManager: Shutting down and abandoning module ViewportSnapping (464)
[2018.01.03-17.04.47:797][121]LogModuleManager: Shutting down and abandoning module ViewportInteraction (462)
[2018.01.03-17.04.47:797][121]LogModuleManager: Shutting down and abandoning module ClothPainter (460)
[2018.01.03-17.04.47:814][121]LogModuleManager: Shutting down and abandoning module LogVisualizer (458)
[2018.01.03-17.04.47:814][121]LogModuleManager: Shutting down and abandoning module IntroTutorials (456)
[2018.01.03-17.04.47:824][121]LogModuleManager: Shutting down and abandoning module GameProjectGeneration (455)
[2018.01.03-17.04.47:832][121]LogModuleManager: Shutting down and abandoning module IOSPlatformEditor (452)
[2018.01.03-17.04.47:832][121]LogModuleManager: Shutting down and abandoning module HTML5PlatformEditor (450)
[2018.01.03-17.04.47:832][121]LogModuleManager: Shutting down and abandoning module AndroidPlatformEditor (448)
[2018.01.03-17.04.47:832][121]LogModuleManager: Shutting down and abandoning module AndroidDeviceDetection (447)
[2018.01.03-17.04.48:151][121]LogModuleManager: Shutting down and abandoning module WindowsPlatformEditor (444)
[2018.01.03-17.04.48:151][121]LogModuleManager: Shutting down and abandoning module IOSRuntimeSettings (442)
[2018.01.03-17.04.48:151][121]LogModuleManager: Shutting down and abandoning module AndroidRuntimeSettings (440)
[2018.01.03-17.04.48:151][121]LogModuleManager: Shutting down and abandoning module InputBindingEditor (438)
[2018.01.03-17.04.48:151][121]LogModuleManager: Shutting down and abandoning module MergeActors (436)
[2018.01.03-17.04.48:161][121]LogModuleManager: Shutting down and abandoning module SizeMap (434)
[2018.01.03-17.04.48:161][121]LogModuleManager: Shutting down and abandoning module TreeMap (432)
[2018.01.03-17.04.48:161][121]LogModuleManager: Shutting down and abandoning module ReferenceViewer (430)
[2018.01.03-17.04.48:161][121]LogModuleManager: Shutting down and abandoning module LocalizationDashboard (428)
[2018.01.03-17.04.48:177][121]LogModuleManager: Shutting down and abandoning module LocalizationService (427)
[2018.01.03-17.04.48:177][121]LogModuleManager: Shutting down and abandoning module HardwareTargeting (424)
[2018.01.03-17.04.48:177][121]LogModuleManager: Shutting down and abandoning module DeviceProfileEditor (422)
[2018.01.03-17.04.48:177][121]LogModuleManager: Shutting down and abandoning module UndoHistory (420)
[2018.01.03-17.04.48:177][121]LogModuleManager: Shutting down and abandoning module XmlParser (418)
[2018.01.03-17.04.48:177][121]LogModuleManager: Shutting down and abandoning module Blutility (416)
[2018.01.03-17.04.48:177][121]LogModuleManager: Shutting down and abandoning module ProjectSettingsViewer (414)
[2018.01.03-17.04.48:177][121]LogModuleManager: Shutting down and abandoning module ProjectTargetPlatformEditor (413)
[2018.01.03-17.04.48:178][121]LogModuleManager: Shutting down and abandoning module EditorSettingsViewer (410)
[2018.01.03-17.04.48:178][121]LogModuleManager: Shutting down and abandoning module SettingsEditor (408)
[2018.01.03-17.04.48:178][121]LogModuleManager: Shutting down and abandoning module ProjectLauncher (406)
[2018.01.03-17.04.48:182][121]LogModuleManager: Shutting down and abandoning module SessionFrontend (404)
[2018.01.03-17.04.48:182][121]LogModuleManager: Shutting down and abandoning module ProfilerClient (402)
[2018.01.03-17.04.48:182][121]LogModuleManager: Shutting down and abandoning module DeviceManager (400)
[2018.01.03-17.04.48:182][121]LogModuleManager: Shutting down and abandoning module TargetDeviceServices (399)
[2018.01.03-17.04.48:235][121]LogModuleManager: Shutting down and abandoning module AutomationController (396)
[2018.01.03-17.04.48:235][121]LogModuleManager: Shutting down and abandoning module AutomationWindow (394)
[2018.01.03-17.04.48:248][121]LogModuleManager: Shutting down and abandoning module Layers (392)
[2018.01.03-17.04.48:275][121]LogModuleManager: Shutting down and abandoning module ComponentVisualizers (390)
[2018.01.03-17.04.48:275][121]LogModuleManager: Shutting down and abandoning module DetailCustomizations (388)
[2018.01.03-17.04.48:275][121]LogModuleManager: Shutting down and abandoning module PackagesDialog (386)
[2018.01.03-17.04.48:275][121]LogModuleManager: Shutting down and abandoning module Persona (384)
[2018.01.03-17.04.48:305][121]LogModuleManager: Shutting down and abandoning module AdvancedPreviewScene (383)
[2018.01.03-17.04.48:305][121]LogModuleManager: Shutting down and abandoning module AnimGraph (381)
[2018.01.03-17.04.48:305][121]LogModuleManager: Shutting down and abandoning module Kismet (378)
[2018.01.03-17.04.48:306][121]LogModuleManager: Shutting down and abandoning module ClassViewer (376)
[2018.01.03-17.04.48:306][121]LogModuleManager: Shutting down and abandoning module Toolbox (374)
[2018.01.03-17.04.48:306][121]LogModuleManager: Shutting down and abandoning module ModuleUI (372)
[2018.01.03-17.04.48:306][121]LogModuleManager: Shutting down and abandoning module MovieSceneTools (370)
[2018.01.03-17.04.48:319][121]LogModuleManager: Shutting down and abandoning module OutputLog (368)
[2018.01.03-17.04.48:319][121]LogModuleManager: Shutting down and abandoning module GammaUI (366)
[2018.01.03-17.04.48:319][121]LogModuleManager: Shutting down and abandoning module Documentation (364)
[2018.01.03-17.04.48:319][121]LogModuleManager: Shutting down and abandoning module MovieSceneTracks (362)
[2018.01.03-17.04.48:319][121]LogModuleManager: Shutting down and abandoning module MovieScene (360)
[2018.01.03-17.04.48:319][121]LogModuleManager: Shutting down and abandoning module Niagara (358)
[2018.01.03-17.04.48:319][121]LogModuleManager: Shutting down and abandoning module NiagaraEditor (357)
[2018.01.03-17.04.48:329][121]LogModuleManager: Shutting down and abandoning module StreamingPauseRendering (354)
[2018.01.03-17.04.48:329][121]LogModuleManager: Shutting down and abandoning module LauncherPlatform (352)
[2018.01.03-17.04.48:329][121]LogModuleManager: Shutting down and abandoning module AnalyticsET (350)
[2018.01.03-17.04.48:329][121]LogModuleManager: Shutting down and abandoning module PortalServices (348)
[2018.01.03-17.04.48:329][121]LogModuleManager: Shutting down and abandoning module PortalRpc (346)
[2018.01.03-17.04.48:329][121]LogModuleManager: Shutting down and abandoning module MessagingRpc (344)
[2018.01.03-17.04.48:329][121]LogModuleManager: Shutting down and abandoning module AIModule (342)
[2018.01.03-17.04.48:329][121]LogModuleManager: Shutting down and abandoning module GameplayDebugger (341)
[2018.01.03-17.04.48:329][121]LogModuleManager: Shutting down and abandoning module AITestSuite (339)
[2018.01.03-17.04.48:329][121]LogModuleManager: Shutting down and abandoning module ProfilerService (336)
[2018.01.03-17.04.48:540][121]LogModuleManager: Shutting down and abandoning module TaskGraph (334)
[2018.01.03-17.04.48:554][121]LogModuleManager: Shutting down and abandoning module SteamVRController (332)
[2018.01.03-17.04.48:554][121]LogModuleManager: Shutting down and abandoning module ProceduralMeshComponentEditor (330)
[2018.01.03-17.04.48:554][121]LogModuleManager: Shutting down and abandoning module ProceduralMeshComponent (328)
[2018.01.03-17.04.48:554][121]LogModuleManager: Shutting down and abandoning module OculusInput (326)
[2018.01.03-17.04.48:554][121]LogModuleManager: Shutting down and abandoning module MobilePatchingUtils (324)
[2018.01.03-17.04.48:554][121]LogModuleManager: Shutting down and abandoning module CustomMeshComponent (322)
[2018.01.03-17.04.48:554][121]LogModuleManager: Shutting down and abandoning module CableComponent (320)
[2018.01.03-17.04.48:554][121]LogModuleManager: Shutting down and abandoning module ArchVisCharacter (318)
[2018.01.03-17.04.48:554][121]LogModuleManager: Shutting down and abandoning module AndroidPermission (316)
[2018.01.03-17.04.48:554][121]LogModuleManager: Shutting down and abandoning module MediaPlayerEditor (312)
[2018.01.03-17.04.48:563][121]LogModuleManager: Shutting down and abandoning module HTML5Networking (310)
[2018.01.03-17.04.48:563][121]LogModuleManager: Shutting down and abandoning module AlembicImporter (308)
[2018.01.03-17.04.48:563][121]LogModuleManager: Shutting down and abandoning module AlembicLibrary (307)
[2018.01.03-17.04.48:563][121]LogModuleManager: Shutting down and abandoning module GeometryCache (306)
[2018.01.03-17.04.48:563][121]LogModuleManager: Shutting down and abandoning module GeometryCacheEd (305)
[2018.01.03-17.04.48:563][121]LogModuleManager: Shutting down and abandoning module SpeedTreeImporter (300)
[2018.01.03-17.04.48:563][121]LogModuleManager: Shutting down and abandoning module PluginBrowser (298)
[2018.01.03-17.04.48:567][121]LogModuleManager: Shutting down and abandoning module MobileLauncherProfileWizard (296)
[2018.01.03-17.04.48:567][121]LogModuleManager: Shutting down and abandoning module VisualStudioSourceCodeAccess (294)
[2018.01.03-17.04.48:567][121]LogModuleManager: Shutting down and abandoning module DesktopPlatform (293)
[2018.01.03-17.04.48:567][121]LogModuleManager: Shutting down and abandoning module UObjectPlugin (290)
[2018.01.03-17.04.48:567][121]LogModuleManager: Shutting down and abandoning module SubversionSourceControl (288)
[2018.01.03-17.04.48:567][121]LogModuleManager: Shutting down and abandoning module PerforceSourceControl (286)
[2018.01.03-17.04.48:567][121]LogModuleManager: Shutting down and abandoning module GitSourceControl (284)
[2018.01.03-17.04.48:567][121]LogModuleManager: Shutting down and abandoning module SourceControl (283)
[2018.01.03-17.04.48:567][121]LogModuleManager: Shutting down and abandoning module LightPropagationVolumeEditor (280)
[2018.01.03-17.04.48:567][121]LogModuleManager: Shutting down and abandoning module PaperTiledImporter (278)
[2018.01.03-17.04.48:567][121]LogModuleManager: Shutting down and abandoning module PaperSpriteSheetImporter (276)
[2018.01.03-17.04.48:567][121]LogModuleManager: Shutting down and abandoning module Paper2DEditor (274)
[2018.01.03-17.04.48:567][121]LogModuleManager: Shutting down and abandoning module MeshPaint (273)
[2018.01.03-17.04.48:567][121]LogModuleManager: Shutting down and abandoning module LevelEditor (271)
[2018.01.03-17.04.48:569][121]LogModuleManager: Shutting down and abandoning module PixelInspectorModule (270)
[2018.01.03-17.04.48:569][121]LogModuleManager: Shutting down and abandoning module MainFrame (268)
[2018.01.03-17.04.48:569][121]LogModuleManager: Shutting down and abandoning module HotReload (267)
[2018.01.03-17.04.48:569][121]LogDirectoryWatcher: A directory notification for 'C:/Users/jamie/Desktop/UE4Noobs/Project/URNoobs/SniperAcademy/Binaries/Win64' was aborted.
[2018.01.03-17.04.48:569][121]LogModuleManager: Shutting down and abandoning module RuntimePhysXCooking (260)
[2018.01.03-17.04.48:569][121]LogModuleManager: Shutting down and abandoning module PhysXVehiclesEditor (258)
[2018.01.03-17.04.48:569][121]LogModuleManager: Shutting down and abandoning module PhysXVehicles (256)
[2018.01.03-17.04.48:569][121]LogModuleManager: Shutting down and abandoning module OculusEditor (254)
[2018.01.03-17.04.48:569][121]LogModuleManager: Shutting down and abandoning module LocationServicesBPLibrary (252)
[2018.01.03-17.04.48:569][121]LogModuleManager: Shutting down and abandoning module ImmediatePhysicsEditor (250)
[2018.01.03-17.04.48:569][121]LogModuleManager: Shutting down and abandoning module ImmediatePhysics (248)
[2018.01.03-17.04.48:569][121]LogModuleManager: Shutting down and abandoning module UdpMessaging (246)
[2018.01.03-17.04.48:670][121]LogModuleManager: Shutting down and abandoning module TcpMessaging (244)
[2018.01.03-17.04.48:770][121]LogModuleManager: Shutting down and abandoning module GameplayTagsEditor (242)
[2018.01.03-17.04.48:781][121]LogModuleManager: Shutting down and abandoning module FacialAnimationEditor (240)
[2018.01.03-17.04.48:781][121]LogModuleManager: Shutting down and abandoning module FacialAnimation (238)
[2018.01.03-17.04.48:781][121]LogModuleManager: Shutting down and abandoning module AssetManagerEditor (236)
[2018.01.03-17.04.48:781][121]LogModuleManager: Shutting down and abandoning module GraphEditor (235)
[2018.01.03-17.04.48:824][121]LogModuleManager: Shutting down and abandoning module ContentBrowser (233)
[2018.01.03-17.04.48:824][121]LogModuleManager: Shutting down and abandoning module LightPropagationVolumeRuntime (230)
[2018.01.03-17.04.48:825][121]LogModuleManager: Shutting down and abandoning module Paper2D (228)
[2018.01.03-17.04.48:825][121]LogModuleManager: Shutting down and abandoning module WindowsMoviePlayer (226)
[2018.01.03-17.04.48:825][121]LogModuleManager: Shutting down and abandoning module WmfMedia (224)
[2018.01.03-17.04.48:825][121]LogModuleManager: Shutting down and abandoning module PacketHandler (222)
[2018.01.03-17.04.48:825][121]LogModuleManager: Shutting down and abandoning module ClothingSystemEditor (220)
[2018.01.03-17.04.48:825][121]LogModuleManager: Shutting down and abandoning module ClothingSystemRuntime (218)
[2018.01.03-17.04.48:825][121]LogModuleManager: Shutting down and abandoning module Overlay (216)
[2018.01.03-17.04.48:825][121]LogModuleManager: Shutting down and abandoning module OverlayEditor (215)
[2018.01.03-17.04.48:825][121]LogModuleManager: Shutting down and abandoning module MediaAssets (212)
[2018.01.03-17.04.48:825][121]LogModuleManager: Shutting down and abandoning module VREditor (210)
[2018.01.03-17.04.48:825][121]LogModuleManager: Shutting down and abandoning module StringTableEditor (208)
[2018.01.03-17.04.48:825][121]LogModuleManager: Shutting down and abandoning module GameplayTasksEditor (206)
[2018.01.03-17.04.48:825][121]LogModuleManager: Shutting down and abandoning module BehaviorTreeEditor (204)
[2018.01.03-17.04.48:845][121]LogModuleManager: Shutting down and abandoning module FunctionalTesting (202)
[2018.01.03-17.04.48:845][121]LogModuleManager: Shutting down and abandoning module CollisionAnalyzer (200)
[2018.01.03-17.04.48:845][121]LogModuleManager: Shutting down and abandoning module WorkspaceMenuStructure (199)
[2018.01.03-17.04.48:845][121]LogModuleManager: Shutting down and abandoning module UMG (196)
[2018.01.03-17.04.48:852][121]LogModuleManager: Shutting down and abandoning module UMGEditor (195)
[2018.01.03-17.04.48:865][121]LogModuleManager: Shutting down and abandoning module Sequencer (194)
[2018.01.03-17.04.48:874][121]LogModuleManager: Shutting down and abandoning module MessageLog (191)
[2018.01.03-17.04.48:874][121]LogModuleManager: Shutting down and abandoning module SlateReflector (186)
[2018.01.03-17.04.48:879][121]LogModuleManager: Shutting down and abandoning module Slate (184)
[2018.01.03-17.04.48:879][121]LogModuleManager: Shutting down and abandoning module EditorStyle (182)
[2018.01.03-17.04.48:882][121]LogModuleManager: Shutting down and abandoning module MRMesh (180)
[2018.01.03-17.04.48:882][121]LogModuleManager: Shutting down and abandoning module SourceCodeAccess (178)
[2018.01.03-17.04.48:882][121]LogModuleManager: Shutting down and abandoning module HeadMountedDisplay (176)
[2018.01.03-17.04.48:882][121]LogModuleManager: Shutting down and abandoning module XAudio2 (174)
[2018.01.03-17.04.48:882][121]LogModuleManager: Shutting down and abandoning module Networking (172)
[2018.01.03-17.04.48:882][121]LogModuleManager: Shutting down and abandoning module Core (168)
[2018.01.03-17.04.48:882][121]LogModuleManager: Shutting down and abandoning module KismetCompiler (164)
[2018.01.03-17.04.48:882][121]LogModuleManager: Shutting down and abandoning module LevelSequence (162)
[2018.01.03-17.04.48:882][121]LogModuleManager: Shutting down and abandoning module MeshUtilities (160)
[2018.01.03-17.04.48:882][121]LogModuleManager: Shutting down and abandoning module MeshMergeUtilities (159)
[2018.01.03-17.04.48:894][121]LogModuleManager: Shutting down and abandoning module MeshReductionInterface (158)
[2018.01.03-17.04.48:894][121]LogModuleManager: Shutting down and abandoning module SimplygonSwarm (157)
[2018.01.03-17.04.48:894][121]LogModuleManager: Shutting down and abandoning module SimplygonMeshReduction (155)
[2018.01.03-17.04.48:894][121]LogModuleManager: Shutting down and abandoning module QuadricMeshReduction (153)
[2018.01.03-17.04.48:894][121]LogModuleManager: Shutting down and abandoning module MaterialBaking (149)
[2018.01.03-17.04.48:894][121]LogModuleManager: Shutting down and abandoning module DirectoryWatcher (146)
[2018.01.03-17.04.48:900][121]LogModuleManager: Shutting down and abandoning module DerivedDataCache (144)
[2018.01.03-17.04.48:994][121]LogDerivedDataCache: Shutdown
[2018.01.03-17.04.48:994][121]LogModuleManager: Shutting down and abandoning module TargetPlatform (142)
[2018.01.03-17.04.48:994][121]LogModuleManager: Shutting down and abandoning module VulkanShaderFormat (141)
[2018.01.03-17.04.48:994][121]LogModuleManager: Shutting down and abandoning module ShaderFormatVectorVM (139)
[2018.01.03-17.04.48:994][121]LogModuleManager: Shutting down and abandoning module ShaderFormatOpenGL (137)
[2018.01.03-17.04.48:994][121]LogModuleManager: Shutting down and abandoning module ShaderFormatD3D (135)
[2018.01.03-17.04.48:994][121]LogModuleManager: Shutting down and abandoning module MetalShaderFormat (133)
[2018.01.03-17.04.48:994][121]LogModuleManager: Shutting down and abandoning module TextureFormatUncompressed (131)
[2018.01.03-17.04.48:994][121]LogModuleManager: Shutting down and abandoning module TextureFormatPVR (129)
[2018.01.03-17.04.48:994][121]LogModuleManager: Shutting down and abandoning module TextureFormatDXT (127)
[2018.01.03-17.04.48:994][121]LogModuleManager: Shutting down and abandoning module TextureFormatIntelISPCTexComp (125)
[2018.01.03-17.04.48:994][121]LogModuleManager: Shutting down and abandoning module TextureFormatASTC (123)
[2018.01.03-17.04.48:994][121]LogModuleManager: Shutting down and abandoning module ImageWrapper (122)
[2018.01.03-17.04.48:994][121]LogModuleManager: Shutting down and abandoning module TextureFormatAndroid (119)
[2018.01.03-17.04.48:994][121]LogModuleManager: Shutting down and abandoning module AudioFormatOpus (117)
[2018.01.03-17.04.48:994][121]LogModuleManager: Shutting down and abandoning module AudioFormatOgg (115)
[2018.01.03-17.04.48:994][121]LogModuleManager: Shutting down and abandoning module AudioFormatADPCM (113)
[2018.01.03-17.04.48:994][121]LogModuleManager: Shutting down and abandoning module LinuxTargetPlatform (111)
[2018.01.03-17.04.48:995][121]LogModuleManager: Shutting down and abandoning module LinuxServerTargetPlatform (109)
[2018.01.03-17.04.48:995][121]LogModuleManager: Shutting down and abandoning module LinuxNoEditorTargetPlatform (107)
[2018.01.03-17.04.48:995][121]LogModuleManager: Shutting down and abandoning module LinuxClientTargetPlatform (105)
[2018.01.03-17.04.48:995][121]LogModuleManager: Shutting down and abandoning module TVOSTargetPlatform (103)
[2018.01.03-17.04.48:995][121]LogModuleManager: Shutting down and abandoning module Messaging (101)
[2018.01.03-17.04.48:995][121]LogModuleManager: Shutting down and abandoning module IOSTargetPlatform (99)
[2018.01.03-17.04.48:995][121]LogModuleManager: Shutting down and abandoning module HTML5TargetPlatform (97)
[2018.01.03-17.04.48:995][121]LogModuleManager: Shutting down and abandoning module Android_PVRTCTargetPlatform (95)
[2018.01.03-17.04.48:995][121]LogModuleManager: Shutting down and abandoning module Android_MultiTargetPlatform (93)
[2018.01.03-17.04.48:995][121]LogModuleManager: Shutting down and abandoning module Android_ETC2TargetPlatform (91)
[2018.01.03-17.04.48:995][121]LogModuleManager: Shutting down and abandoning module Android_ETC1TargetPlatform (89)
[2018.01.03-17.04.48:995][121]LogModuleManager: Shutting down and abandoning module Android_DXTTargetPlatform (87)
[2018.01.03-17.04.48:995][121]LogModuleManager: Shutting down and abandoning module Android_ATCTargetPlatform (85)
[2018.01.03-17.04.48:995][121]LogModuleManager: Shutting down and abandoning module Android_ASTCTargetPlatform (83)
[2018.01.03-17.04.48:995][121]LogModuleManager: Shutting down and abandoning module AndroidTargetPlatform (81)
[2018.01.03-17.04.48:995][121]LogModuleManager: Shutting down and abandoning module WindowsTargetPlatform (79)
[2018.01.03-17.04.48:995][121]LogModuleManager: Shutting down and abandoning module WindowsServerTargetPlatform (77)
[2018.01.03-17.04.48:995][121]LogModuleManager: Shutting down and abandoning module WindowsNoEditorTargetPlatform (75)
[2018.01.03-17.04.48:995][121]LogModuleManager: Shutting down and abandoning module WindowsClientTargetPlatform (73)
[2018.01.03-17.04.48:995][121]LogModuleManager: Shutting down and abandoning module MacTargetPlatform (71)
[2018.01.03-17.04.48:995][121]LogModuleManager: Shutting down and abandoning module MacServerTargetPlatform (69)
[2018.01.03-17.04.48:995][121]LogModuleManager: Shutting down and abandoning module MacNoEditorTargetPlatform (67)
[2018.01.03-17.04.48:995][121]LogModuleManager: Shutting down and abandoning module MacClientTargetPlatform (65)
[2018.01.03-17.04.48:995][121]LogModuleManager: Shutting down and abandoning module AllDesktopTargetPlatform (63)
[2018.01.03-17.04.48:995][121]LogModuleManager: Shutting down and abandoning module InputCore (60)
[2018.01.03-17.04.48:995][121]LogModuleManager: Shutting down and abandoning module Settings (58)
[2018.01.03-17.04.48:995][121]LogModuleManager: Shutting down and abandoning module PhysXCooking (56)
[2018.01.03-17.04.48:995][121]LogModuleManager: Shutting down and abandoning module SteamVR (54)
[2018.01.03-17.04.48:995][121]LogModuleManager: Shutting down and abandoning module OculusHMD (52)
[2018.01.03-17.04.48:995][121]LogModuleManager: Shutting down and abandoning module ExampleDeviceProfileSelector (50)
[2018.01.03-17.04.48:995][121]LogModuleManager: Shutting down and abandoning module OnlineBlueprintSupport (48)
[2018.01.03-17.04.48:995][121]LogModuleManager: Shutting down and abandoning module OnlineSubsystem (44)
[2018.01.03-17.04.48:996][121]LogOnline: Display: Unloading online subsystem: NULL
[2018.01.03-17.04.49:004][121]LogModuleManager: Shutting down and abandoning module XMPP (43)
[2018.01.03-17.04.49:014][121]LogModuleManager: Shutting down and abandoning module HTTP (41)
[2018.01.03-17.04.49:014][121]LogHttp: Display: Http module shutting down, but needs to wait on 1 outstanding Http requests:
[2018.01.03-17.04.49:014][121]LogHttp: Display: 	verb=[POST] url=[https://datarouter.ol.epicgames.com/datarouter/api/v1/public/data?SessionID=%7B31266171-4533-C0FD-648A-8191306F9795%7D&AppID=UEEditor.Rocket.Release&AppVersion=4.17.2-3658906%2B%2B%2BUE4%2BRelease-4.17&UserID=eabb63394e45bf200b53acb0cd8f51d4%7C65d8a9be65b44b808c49fb10d11b68ff%7Cabeeb81a-f14f-4850-a18c-12e1f92dea6a&AppEnvironment=datacollector-binary&UploadType=eteventstream] status=Processing
[2018.01.03-17.04.49:039][121]LogModuleManager: Shutting down and abandoning module SSL (40)
[2018.01.03-17.04.49:041][121]LogModuleManager: Shutting down and abandoning module AnimationModifiers (36)
[2018.01.03-17.04.49:041][121]LogModuleManager: Shutting down and abandoning module PropertyEditor (35)
[2018.01.03-17.04.49:041][121]LogModuleManager: Shutting down and abandoning module AudioEditor (32)
[2018.01.03-17.04.49:051][121]LogModuleManager: Shutting down and abandoning module TextureCompressor (30)
[2018.01.03-17.04.49:051][121]LogModuleManager: Shutting down and abandoning module ShaderCore (28)
[2018.01.03-17.04.49:051][121]LogModuleManager: Shutting down and abandoning module Landscape (26)
[2018.01.03-17.04.49:051][121]LogModuleManager: Shutting down and abandoning module SlateRHIRenderer (24)
[2018.01.03-17.04.49:062][121]LogModuleManager: Shutting down and abandoning module OpenGLDrv (22)
[2018.01.03-17.04.49:076][121]LogModuleManager: Shutting down and abandoning module D3D11RHI (20)
[2018.01.03-17.04.49:076][121]LogModuleManager: Shutting down and abandoning module AnimGraphRuntime (18)
[2018.01.03-17.04.49:076][121]LogModuleManager: Shutting down and abandoning module Renderer (16)
[2018.01.03-17.04.49:076][121]LogModuleManager: Shutting down and abandoning module Engine (14)
[2018.01.03-17.04.49:077][121]LogModuleManager: Shutting down and abandoning module CoreUObject (12)
[2018.01.03-17.04.49:077][121]LogModuleManager: Shutting down and abandoning module NetworkFile (10)
[2018.01.03-17.04.49:077][121]LogModuleManager: Shutting down and abandoning module CookedIterativeFile (8)
[2018.01.03-17.04.49:077][121]LogModuleManager: Shutting down and abandoning module StreamingFile (6)
[2018.01.03-17.04.49:077][121]LogModuleManager: Shutting down and abandoning module SandboxFile (4)
[2018.01.03-17.04.49:077][121]LogModuleManager: Shutting down and abandoning module PakFile (2)
[2018.01.03-17.04.49:080][121]LogExit: Exiting.
[2018.01.03-17.04.49:093][121]Log file closed, 01/03/18 12:04:49
