Log file open, 12/29/17 13:04:47
LogWindows: Failed to load 'aqProf.dll' (GetLastError=126)
LogWindows: File 'aqProf.dll' does not exist
LogWindows: Failed to load 'VtuneApi.dll' (GetLastError=126)
LogWindows: File 'VtuneApi.dll' does not exist
LogWindows: Failed to load 'VtuneApi32e.dll' (GetLastError=126)
LogWindows: File 'VtuneApi32e.dll' does not exist
LogInit: Display: Running engine for game: SniperAcademy
LogPlatformFile: Not using cached read wrapper
LogInit: Display: RandInit(739864819) SRandInit(739864819).
LogTaskGraph: Started task graph with 5 named threads and 14 total threads with 3 sets of task threads.
LogStats: Stats thread started at 0.234632
LogD3D11RHI: Aftermath initialized
LogPluginManager: Mounting plugin Paper2D
LogPluginManager: Mounting plugin LightPropagationVolume
LogPluginManager: Mounting plugin CodeLiteSourceCodeAccess
LogPluginManager: Mounting plugin GitSourceControl
LogPluginManager: Mounting plugin KDevelopSourceCodeAccess
LogPluginManager: Mounting plugin NullSourceCodeAccess
LogPluginManager: Mounting plugin PerforceSourceControl
LogPluginManager: Mounting plugin SubversionSourceControl
LogPluginManager: Mounting plugin UObjectPlugin
LogPluginManager: Mounting plugin VisualStudioSourceCodeAccess
LogPluginManager: Mounting plugin XCodeSourceCodeAccess
LogPluginManager: Mounting plugin AssetManagerEditor
LogPluginManager: Mounting plugin AudioCapture
LogPluginManager: Mounting plugin FacialAnimation
LogPluginManager: Mounting plugin GameplayTagsEditor
LogPluginManager: Mounting plugin MobileLauncherProfileWizard
LogPluginManager: Mounting plugin PluginBrowser
LogPluginManager: Mounting plugin SpeedTreeImporter
LogPluginManager: Mounting plugin AlembicImporter
LogPluginManager: Mounting plugin CharacterAI
LogPluginManager: Mounting plugin HTML5Networking
LogPluginManager: Mounting plugin AndroidMedia
LogPluginManager: Mounting plugin AvfMedia
LogPluginManager: Mounting plugin MediaPlayerEditor
LogPluginManager: Mounting plugin WmfMedia
LogPluginManager: Mounting plugin TcpMessaging
LogPluginManager: Mounting plugin UdpMessaging
LogPluginManager: Mounting plugin LevelSequenceEditor
LogPluginManager: Mounting plugin MatineeToLevelSequence
LogPluginManager: Mounting plugin OnlineSubsystemGooglePlay
LogPluginManager: Mounting plugin OnlineSubsystemIOS
LogPluginManager: Mounting plugin OnlineSubsystem
LogPluginManager: Mounting plugin OnlineSubsystemNull
LogPluginManager: Mounting plugin OnlineSubsystemUtils
LogPluginManager: Mounting plugin AndroidDeviceProfileSelector
LogPluginManager: Mounting plugin AndroidMoviePlayer
LogPluginManager: Mounting plugin AndroidPermission
LogPluginManager: Mounting plugin AppleMoviePlayer
LogPluginManager: Mounting plugin ArchVisCharacter
LogPluginManager: Mounting plugin CableComponent
LogPluginManager: Mounting plugin CustomMeshComponent
LogPluginManager: Mounting plugin ExampleDeviceProfileSelector
LogPluginManager: Mounting plugin GoogleCloudMessaging
LogPluginManager: Mounting plugin ImmediatePhysics
LogPluginManager: Mounting plugin IOSDeviceProfileSelector
LogPluginManager: Mounting plugin LinuxDeviceProfileSelector
LogPluginManager: Mounting plugin LocationServicesBPLibrary
LogPluginManager: Mounting plugin MobilePatchingUtils
LogPluginManager: Mounting plugin OculusVR
LogPluginManager: Mounting plugin PhysXVehicles
LogPluginManager: Mounting plugin ProceduralMeshComponent
LogPluginManager: Mounting plugin RuntimePhysXCooking
LogPluginManager: Mounting plugin SteamVR
LogPluginManager: Mounting plugin WindowsMoviePlayer
LogInit: Warning: Incompatible or missing module: UE4Editor-SniperAcademy.dll
Running E:/UE4/UE_4.17/Engine/Binaries/DotNET/UnrealBuildTool.exe SniperAcademy Development Win64 -project="C:/Users/jamie/Desktop/UE4Noobs/Project/URNoobs/SniperAcademy/SniperAcademy.uproject" -editorrecompile -progress -NoHotReloadFromIDE
Creating makefile for SniperAcademy (no existing makefile)
Performing full C++ include scan (no include cache file)
@progress push 5%
Parsing headers for SniperAcademyEditor
  Running UnrealHeaderTool "C:\Users\jamie\Desktop\UE4Noobs\Project\URNoobs\SniperAcademy\SniperAcademy.uproject" "C:\Users\jamie\Desktop\UE4Noobs\Project\URNoobs\SniperAcademy\Intermediate\Build\Win64\SniperAcademyEditor\Development\SniperAcademyEditor.uhtmanifest" -LogCmds="loginit warning, logexit warning, logdatabase error" -Unattended -WarningsAsErrors -installed
Reflection code generated for SniperAcademyEditor in 9.0523121 seconds
@progress pop
Performing 21 actions (4 in parallel)
[2/21] Resource PCLaunch.rc
[3/21] Resource ModuleVersionResource.rc.inl
SharedPCH.Engine.cpp
PatorlPoint.gen.cpp
SniperAcademy.init.gen.cpp
BTTask_MoveToPoint.gen.cpp
EnemyCharacter.gen.cpp
EnemyAIController.gen.cpp
BTTask_MoveToTarget.gen.cpp
SniperPlayerController.cpp
SniperAcademyGameModeBase.cpp
SniperAcademy.cpp
EnemyCharacter.cpp
PatorlPoint.cpp
EnemyAIController.cpp
BTTask_MoveToTarget.cpp
BTTask_MoveToPoint.cpp
SniperAcademyGameModeBase.gen.cpp
SniperPlayerController.gen.cpp
[20/21] Link UE4Editor-SniperAcademy.dll
[21/21] Link UE4Editor-SniperAcademy.lib
   Creating library C:\Users\jamie\Desktop\UE4Noobs\Project\URNoobs\SniperAcademy\Intermediate\Build\Win64\UE4Editor\Development\UE4Editor-SniperAcademy.lib and object C:\Users\jamie\Desktop\UE4Noobs\Project\URNoobs\SniperAcademy\Intermediate\Build\Win64\UE4Editor\Development\UE4Editor-SniperAcademy.exp
   Creating library C:\Users\jamie\Desktop\UE4Noobs\Project\URNoobs\SniperAcademy\Intermediate\Build\Win64\UE4Editor\Development\UE4Editor-SniperAcademy.suppressed.lib and object C:\Users\jamie\Desktop\UE4Noobs\Project\URNoobs\SniperAcademy\Intermediate\Build\Win64\UE4Editor\Development\UE4Editor-SniperAcademy.suppressed.exp
Total build time: 57.70 seconds (Local executor: 41.56 seconds)
LogInit: Using libcurl 7.47.1
LogInit:  - built for x86_64-pc-win32
LogInit:  - supports SSL with OpenSSL/1.0.2g
LogInit:  - supports HTTP deflate (compression) using libz 1.2.8
LogInit:  - other features:
LogInit:      CURL_VERSION_SSL
LogInit:      CURL_VERSION_LIBZ
LogInit:      CURL_VERSION_IPV6
LogInit:      CURL_VERSION_ASYNCHDNS
LogInit:      CURL_VERSION_LARGEFILE
LogInit:      CURL_VERSION_IDN
LogInit:  CurlRequestOptions (configurable via config and command line):
LogInit:  - bVerifyPeer = false  - Libcurl will NOT verify peer certificate
LogInit:  - bUseHttpProxy = false  - Libcurl will NOT use HTTP proxy
LogInit:  - bDontReuseConnections = false  - Libcurl will reuse connections
LogInit:  - CertBundlePath = nullptr  - Libcurl will use whatever was configured at build time.
LogInit: Build: ++UE4+Release-4.17-CL-3658906
LogInit: Engine Version: 4.17.2-3658906+++UE4+Release-4.17
LogInit: Compatible Engine Version: 4.17.0-3573198+++UE4+Release-4.17
LogInit: Net CL: 3573198
LogDevObjectVersion: Number of dev versions registered: 16
LogDevObjectVersion:   Dev-Blueprints (B0D832E4-1F89-4F0D-ACCF-7EB736FD4AA2): 10
LogDevObjectVersion:   Dev-Build (E1C64328-A22C-4D53-A36C-8E866417BD8C): 0
LogDevObjectVersion:   Dev-Core (375EC13C-06E4-48FB-B500-84F0262A717E): 2
LogDevObjectVersion:   Dev-Editor (E4B068ED-F494-42E9-A231-DA0B2E46BB41): 20
LogDevObjectVersion:   Dev-Framework (CFFC743F-43B0-4480-9391-14DF171D2073): 28
LogDevObjectVersion:   Dev-Mobile (B02B49B5-BB20-44E9-A304-32B752E40360): 0
LogDevObjectVersion:   Dev-Networking (A4E4105C-59A1-49B5-A7C5-40C4547EDFEE): 0
LogDevObjectVersion:   Dev-Online (39C831C9-5AE6-47DC-9A44-9C173E1C8E7C): 0
LogDevObjectVersion:   Dev-Physics (78F01B33-EBEA-4F98-B9B4-84EACCB95AA2): 0
LogDevObjectVersion:   Dev-Platform (6631380F-2D4D-43E0-8009-CF276956A95A): 0
LogDevObjectVersion:   Dev-Rendering (12F88B9F-8875-4AFC-A67C-D90C383ABD29): 19
LogDevObjectVersion:   Dev-Sequencer (7B5AE74C-D270-4C10-A958-57980B212A5A): 4
LogDevObjectVersion:   Dev-VR (D7296918-1DD6-4BDD-9DE2-64A83CC13884): 0
LogDevObjectVersion:   Dev-LoadTimes (C2A15278-BFE7-4AFE-6C17-90FF531DF755): 1
LogDevObjectVersion:   Private-Geometry (6EACA3D4-40EC-4CC1-B786-8BED09428FC5): 1
LogDevObjectVersion:   Dev-AnimPhys (29E575DD-E0A3-4627-9D10-D276232CDCEA): 7
LogInit: Compiled (64-bit): Sep 22 2017 13:47:16
LogInit: Compiled with Visual C++: 19.00.24215.01
LogInit: Build Configuration: Development
LogInit: Branch Name: ++UE4+Release-4.17
LogInit: Command line:  
LogInit: Base directory: E:/UE4/UE_4.17/Engine/Binaries/Win64/
LogInit: Installed Engine Build: 1
LogInit: Presizing for max 8388607 objects, including 0 objects not considered by GC, pre-allocating 0 bytes for permanent pool.
LogInit: Object subsystem initialized
[2017.12.29-18.05.52:267][  0]LogInit: Selected Device Profile: [Windows]
[2017.12.29-18.05.52:267][  0]LogInit: Applying CVar settings loaded from the selected device profile: [Windows]
[2017.12.29-18.05.52:282][  0]LogInit: Computer: DESKTOP-CJ0TBVV
[2017.12.29-18.05.52:282][  0]LogInit: User: jamie
[2017.12.29-18.05.52:282][  0]LogInit: CPU Page size=4096, Cores=4
[2017.12.29-18.05.52:282][  0]LogInit: High frequency timer resolution =2.338347 MHz
[2017.12.29-18.05.52:282][  0]LogMemory: Memory total: Physical=15.9GB (16GB approx)
[2017.12.29-18.05.52:282][  0]LogMemory: Platform Memory Stats for Windows
[2017.12.29-18.05.52:282][  0]LogMemory: Process Physical Memory: 283.52 MB used, 283.52 MB peak
[2017.12.29-18.05.52:282][  0]LogMemory: Process Virtual Memory: 283.03 MB used, 283.03 MB peak
[2017.12.29-18.05.52:282][  0]LogMemory: Physical Memory: 6880.48 MB used,  9421.07 MB free, 16301.55 MB total
[2017.12.29-18.05.52:282][  0]LogMemory: Virtual Memory: 726.80 MB used,  9421.07 MB free, 134217728.00 MB total
[2017.12.29-18.05.52:513][  0]LogInit: Using OS detected language (en-US).
[2017.12.29-18.05.52:513][  0]LogInit: Using OS detected locale (en-US).
[2017.12.29-18.05.52:519][  0]LogTextLocalizationManager: No specific localization for 'en-US' exists, so the 'en' localization will be used.
[2017.12.29-18.05.53:363][  0]LogD3D11RHI: D3D11 adapters:
[2017.12.29-18.05.53:409][  0]LogD3D11RHI:    0. 'NVIDIA GeForce GTX 765M' (Feature Level 11_0)
[2017.12.29-18.05.53:409][  0]LogD3D11RHI:       2018/0/8150 MB DedicatedVideo/DedicatedSystem/SharedSystem, Outputs:2, VendorId:0x10de
[2017.12.29-18.05.53:411][  0]LogD3D11RHI:    1. 'Microsoft Basic Render Driver' (Feature Level 11_0)
[2017.12.29-18.05.53:411][  0]LogD3D11RHI:       0/0/8150 MB DedicatedVideo/DedicatedSystem/SharedSystem, Outputs:0, VendorId:0x1414
[2017.12.29-18.05.53:411][  0]LogD3D11RHI: Chosen D3D11 Adapter: 0
[2017.12.29-18.05.53:417][  0]LogD3D11RHI: Creating new Direct3DDevice
[2017.12.29-18.05.53:417][  0]LogD3D11RHI:     GPU DeviceId: 0x11e2 (for the marketing name, search the web for "GPU Device Id")
[2017.12.29-18.05.53:418][  0]LogWindows: EnumDisplayDevices:
[2017.12.29-18.05.53:418][  0]LogWindows:    0. 'NVIDIA GeForce GTX 765M' (P:1 D:1)
[2017.12.29-18.05.53:418][  0]LogWindows:    1. 'NVIDIA GeForce GTX 765M' (P:0 D:1)
[2017.12.29-18.05.53:418][  0]LogWindows:    2. 'NVIDIA GeForce GTX 765M' (P:0 D:0)
[2017.12.29-18.05.53:418][  0]LogWindows:    3. 'NVIDIA GeForce GTX 765M' (P:0 D:0)
[2017.12.29-18.05.53:418][  0]LogWindows: DebugString: FoundDriverCount:4 
[2017.12.29-18.05.53:418][  0]LogD3D11RHI:     Adapter Name: NVIDIA GeForce GTX 765M
[2017.12.29-18.05.53:418][  0]LogD3D11RHI:   Driver Version: 388.31 (internal:23.21.13.8831, unified:388.31)
[2017.12.29-18.05.53:418][  0]LogD3D11RHI:      Driver Date: 11-14-2017
[2017.12.29-18.05.53:418][  0]LogRHI: Texture pool is 1361 MB (70% of 1945 MB)
[2017.12.29-18.05.53:450][  0]LogD3D11RHI: Async texture creation enabled
[2017.12.29-18.05.53:471][  0]LogD3D11RHI: GPU Timing Frequency: 1000.000000 (Debug: 2 2)
[2017.12.29-18.05.53:473][  0]LogShaderCompilers: Guid format shader working directory is -16 characters bigger than the processId version (C:/Users/jamie/Desktop/UE4Noobs/Project/URNoobs/SniperAcademy/Intermediate/Shaders/WorkingDirectory/15024/).
[2017.12.29-18.05.53:473][  0]LogShaderCompilers: Cleaned the shader compiler working directory 'C:/Users/jamie/AppData/Local/Temp/UnrealShaderWorkingDir/0FED332B41C198CEFF2B8FB612A9620C/'.
[2017.12.29-18.05.53:473][  0]LogShaderCompilers: Display: Using Local Shader Compiler.
[2017.12.29-18.05.57:302][  0]LogTemp: Display: Loaded TP AllDesktopTargetPlatform
[2017.12.29-18.05.57:360][  0]LogTemp: Display: Loaded TP MacClientTargetPlatform
[2017.12.29-18.05.57:418][  0]LogTemp: Display: Loaded TP MacNoEditorTargetPlatform
[2017.12.29-18.05.57:477][  0]LogTemp: Display: Loaded TP MacServerTargetPlatform
[2017.12.29-18.05.57:536][  0]LogTemp: Display: Loaded TP MacTargetPlatform
[2017.12.29-18.05.57:595][  0]LogTemp: Display: Loaded TP WindowsClientTargetPlatform
[2017.12.29-18.05.57:654][  0]LogTemp: Display: Loaded TP WindowsNoEditorTargetPlatform
[2017.12.29-18.05.57:712][  0]LogTemp: Display: Loaded TP WindowsServerTargetPlatform
[2017.12.29-18.05.57:763][  0]LogTemp: Display: Loaded TP WindowsTargetPlatform
[2017.12.29-18.05.57:821][  0]LogTemp: Display: Loaded TP AndroidTargetPlatform
[2017.12.29-18.05.57:879][  0]LogTemp: Display: Loaded TP Android_ASTCTargetPlatform
[2017.12.29-18.05.57:938][  0]LogTemp: Display: Loaded TP Android_ATCTargetPlatform
[2017.12.29-18.05.57:997][  0]LogTemp: Display: Loaded TP Android_DXTTargetPlatform
[2017.12.29-18.05.58:063][  0]LogTemp: Display: Loaded TP Android_ETC1TargetPlatform
[2017.12.29-18.05.58:129][  0]LogTemp: Display: Loaded TP Android_ETC2TargetPlatform
[2017.12.29-18.05.58:244][  0]LogTemp: Display: Loaded TP Android_MultiTargetPlatform
[2017.12.29-18.05.58:244][  0]LogTemp: Display: Loaded TP Android_PVRTCTargetPlatform
[2017.12.29-18.05.58:294][  0]LogTemp: Display: Loaded TP HTML5TargetPlatform
[2017.12.29-18.05.58:407][  0]LogTemp: Display: Loaded TP IOSTargetPlatform
[2017.12.29-18.05.58:441][  0]LogTemp: Display: Loaded TP TVOSTargetPlatform
[2017.12.29-18.05.58:498][  0]LogTemp: Display: Loaded TP LinuxClientTargetPlatform
[2017.12.29-18.05.58:559][  0]LogTemp: Display: Loaded TP LinuxNoEditorTargetPlatform
[2017.12.29-18.05.58:619][  0]LogTemp: Display: Loaded TP LinuxServerTargetPlatform
[2017.12.29-18.05.58:691][  0]LogTemp: Display: Loaded TP LinuxTargetPlatform
[2017.12.29-18.05.58:691][  0]LogTargetPlatformManager: Display: Building Assets For Windows
[2017.12.29-18.05.59:326][  0]LogDerivedDataCache: Display: Max Cache Size: 512 MB
[2017.12.29-18.05.59:424][  0]LogDerivedDataCache: Loaded boot cache 0.10s 93MB C:/Users/jamie/AppData/Local/UnrealEngine/4.17/DerivedDataCache/Boot.ddc.
[2017.12.29-18.05.59:424][  0]LogDerivedDataCache: Display: Loaded Boot cache: C:/Users/jamie/AppData/Local/UnrealEngine/4.17/DerivedDataCache/Boot.ddc
[2017.12.29-18.05.59:424][  0]LogDerivedDataCache: FDerivedDataBackendGraph:  Pak pak cache file C:/Users/jamie/Desktop/UE4Noobs/Project/URNoobs/SniperAcademy/DerivedDataCache/DDC.ddp not found, will not use a pak cache.
[2017.12.29-18.05.59:424][  0]LogDerivedDataCache: Unable to find inner node Pak for hierarchical cache Hierarchy.
[2017.12.29-18.05.59:424][  0]LogDerivedDataCache: FDerivedDataBackendGraph:  CompressedPak pak cache file C:/Users/jamie/Desktop/UE4Noobs/Project/URNoobs/SniperAcademy/DerivedDataCache/Compressed.ddp not found, will not use a pak cache.
[2017.12.29-18.05.59:424][  0]LogDerivedDataCache: Unable to find inner node CompressedPak for hierarchical cache Hierarchy.
[2017.12.29-18.05.59:441][  0]LogDerivedDataCache: Display: Pak cache opened for reading ../../../Engine/DerivedDataCache/Compressed.ddp.
[2017.12.29-18.05.59:453][  0]LogDerivedDataCache: Using Local data cache path C:/Users/jamie/AppData/Local/UnrealEngine/Common/DerivedDataCache: Writable
[2017.12.29-18.05.59:464][  0]LogMaterial: Verifying Global Shaders for PCD3D_SM5
[2017.12.29-18.05.59:464][  0]LogSlate: Using Freetype 2.6.0
[2017.12.29-18.05.59:465][  0]LogSlate: SlateFontCache - WITH_FREETYPE: 1, WITH_HARFBUZZ: 1
[2017.12.29-18.05.59:465][  0]LogSlate: SlateFontCache - WITH_FREETYPE: 1, WITH_HARFBUZZ: 1
[2017.12.29-18.05.59:783][  0]LogAssetRegistry: FAssetRegistry took 0.0261 seconds to start up
[2017.12.29-18.05.59:908][  0]LogInit: Selected Device Profile: [Windows]
[2017.12.29-18.06.00:086][  0]LogContentStreaming: Texture pool size is 0.00 MB
[2017.12.29-18.06.00:470][  0]LogSimplygon: Simplygon DLL not present - disabling.
[2017.12.29-18.06.00:519][  0]LogMeshReduction: Using SimplygonSwarm for distributed automatic mesh merging
[2017.12.29-18.06.00:519][  0]LogMeshReduction: Using QuadricMeshReduction for automatic static mesh reduction
[2017.12.29-18.06.00:519][  0]LogMeshReduction: No automatic skeletal mesh reduction module available
[2017.12.29-18.06.00:519][  0]LogMeshReduction: No automatic mesh merging module available
[2017.12.29-18.06.00:519][  0]LogMeshMerging: No automatic mesh merging module available
[2017.12.29-18.06.00:986][  0]LogNetVersion: SniperAcademy , NetCL: 3573198, EngineNetVer: 2, GameNetVer: 0 (Checksum: 2105103927)
[2017.12.29-18.06.01:302][  0]LogPackageLocalizationCache: Processed 5 localized package path(s) for 2 prioritized culture(s) in 0.077631 seconds
[2017.12.29-18.06.01:310][  0]LogUObjectArray: 35825 objects as part of root set at end of initial load.
[2017.12.29-18.06.01:310][  0]LogUObjectAllocator: 7529104 out of 0 bytes used by permanent object pool.
[2017.12.29-18.06.01:310][  0]LogUObjectArray: CloseDisregardForGC: 0/0 objects in disregard for GC pool
[2017.12.29-18.06.01:370][  0]LogInit: WinSock: version 1.1 (2.2), MaxSocks=32767, MaxUdp=65467
[2017.12.29-18.06.04:751][  0]LogTcpMessaging: Initializing TcpMessaging bridge
[2017.12.29-18.06.04:798][  0]LogUdpMessaging: Initializing bridge on interface 0.0.0.0:0 to multicast group 230.0.0.1:6666.
[2017.12.29-18.06.06:516][  0]LogMaterial: Uniform references updated for custom material expression Custom.
[2017.12.29-18.06.06:984][  0]SourceControl: Source control is disabled
[2017.12.29-18.06.06:985][  0]SourceControl: Source control is disabled
[2017.12.29-18.06.07:059][  0]SourceControl: Source control is disabled
[2017.12.29-18.06.07:126][  0]SourceControl: Source control is disabled
[2017.12.29-18.06.07:848][  0]LogAndroidPermission: UAndroidPermissionCallbackProxy::GetInstance
[2017.12.29-18.06.08:154][  0]LogOcInput: OculusInput pre-init called
[2017.12.29-18.06.08:461][  0]LogEngine: Initializing Engine...
[2017.12.29-18.06.08:463][  0]LogHMD: Failed to initialize OpenVR with code 110
[2017.12.29-18.06.08:719][  0]LogStats: UGameplayTagsManager::ConstructGameplayTagTree: Construct from data asset -  0.000 s
[2017.12.29-18.06.08:719][  0]LogStats: UGameplayTagsManager::ConstructGameplayTagTree: GameplayTagTreeChangedEvent.Broadcast -  0.000 s
[2017.12.29-18.06.08:846][  0]LogAIModule: Creating AISystem for world Untitled
[2017.12.29-18.06.08:855][  0]LogInit: XAudio2 using 'Headset Earphone (HyperX 7.1 Audio)' : 2 channels at 44.1 kHz using 16 bits per sample (channel mask 0x3)
[2017.12.29-18.06.08:867][  0]LogInit: FAudioDevice initialized.
[2017.12.29-18.06.09:493][  0]LogDerivedDataCache: Saved boot cache 0.63s 93MB C:/Users/jamie/AppData/Local/UnrealEngine/4.17/DerivedDataCache/Boot.ddc.
[2017.12.29-18.06.09:503][  0]LogInit: Texture streaming: Enabled
[2017.12.29-18.06.09:662][  0]LogEngineSessionManager: EngineSessionManager initialized
[2017.12.29-18.06.09:941][  0]LogInit: Transaction tracking system initialized
[2017.12.29-18.06.10:276][  0]BlueprintLog: New page: Editor Load
[2017.12.29-18.06.11:302][  0]LocalizationService: Localization service is disabled
[2017.12.29-18.06.12:428][  0]LogConsoleResponse: Display: 
[2017.12.29-18.06.12:623][  0]LogCook: Display: Max memory allowance for cook 16384mb min free memory 0mb
[2017.12.29-18.06.12:623][  0]LogCook: Display: Mobile HDR setting 1
[2017.12.29-18.06.12:623][  0]LogGameplayTags: Display: UGameplayTagsManager::DoneAddingNativeTags. DelegateIsBound: 0
[2017.12.29-18.06.13:469][  0]LogFileCache: Scanning file cache for directory 'C:/Users/jamie/Desktop/UE4Noobs/Project/URNoobs/SniperAcademy/Content/' took 0.01s
[2017.12.29-18.06.13:877][  0]SourceControl: Source control is disabled
[2017.12.29-18.06.13:878][  0]Cmd: MAP LOAD FILE="C:/Users/jamie/Desktop/UE4Noobs/Project/URNoobs/SniperAcademy/Content/Assets/Map/StartScreen.umap" TEMPLATE=0 SHOWPROGRESS=1 FEATURELEVEL=3
[2017.12.29-18.06.13:878][  0]LightingResults: New page: Lighting Build
[2017.12.29-18.06.13:953][  0]MapCheck: New page: Map Check
[2017.12.29-18.06.13:953][  0]LightingResults: New page: Lighting Build
[2017.12.29-18.06.13:992][  0]LogAIModule: Creating AISystem for world StartScreen
[2017.12.29-18.06.13:993][  0]LogEditorServer: Finished looking for orphan Actors (0.000 secs)
[2017.12.29-18.06.14:004][  0]Cmd: MAP CHECKDEP NOCLEARLOG
[2017.12.29-18.06.14:075][  0]MapCheck: Map check complete: 0 Error(s), 0 Warning(s), took 71.196ms to complete.
[2017.12.29-18.06.14:075][  0]LogFileHelpers: Loading map 'StartScreen' took 0.198
[2017.12.29-18.06.14:149][  0]LogWindowsTextInputMethodSystem: Display: IME system now deactivated.
[2017.12.29-18.06.14:255][  0]LogCollectionManager: Loaded 0 collections in 0.001323 seconds
[2017.12.29-18.06.14:333][  0]LogFileCache: Scanning file cache for directory 'C:/Users/jamie/Desktop/UE4Noobs/Project/URNoobs/SniperAcademy/Saved/Collections/' took 0.01s
[2017.12.29-18.06.14:333][  0]LogFileCache: Scanning file cache for directory 'C:/Users/jamie/Desktop/UE4Noobs/Project/URNoobs/SniperAcademy/Content/Developers/jamie/Collections/' took 0.01s
[2017.12.29-18.06.14:333][  0]LogFileCache: Scanning file cache for directory 'C:/Users/jamie/Desktop/UE4Noobs/Project/URNoobs/SniperAcademy/Content/Collections/' took 0.01s
[2017.12.29-18.06.14:333][  0]LogCollectionManager: Rebuilt the GUID cache for 0 collections in 0.000000 seconds
[2017.12.29-18.06.14:346][  0]LogContentBrowser: Native class hierarchy populated in 0.0125 seconds. Added 2393 classes and 502 folders.
[2017.12.29-18.06.14:418][  0]LogContentBrowser: Native class hierarchy updated for 'WidgetCarousel' in 0.0025 seconds. Added 0 classes and 0 folders.
[2017.12.29-18.06.14:493][  0]LogContentBrowser: Native class hierarchy updated for 'AddContentDialog' in 0.0022 seconds. Added 0 classes and 0 folders.
[2017.12.29-18.06.14:557][  0]LogContentBrowser: Native class hierarchy updated for 'SceneOutliner' in 0.0023 seconds. Added 1 classes and 2 folders.
[2017.12.29-18.06.14:636][  0]LogSlate: Took 0.005713 seconds to synchronously load lazily loaded font '../../../Engine/Content/Slate/Fonts/Roboto-Regular.ttf' (155K)
[2017.12.29-18.06.14:642][  0]LogSlate: Took 0.003807 seconds to synchronously load lazily loaded font '../../../Engine/Content/Slate/Fonts/Roboto-Bold.ttf' (160K)
[2017.12.29-18.06.14:648][  0]LogSlate: Took 0.000421 seconds to synchronously load lazily loaded font '../../../Engine/Content/Editor/Slate/Fonts/FontAwesome.ttf' (139K)
[2017.12.29-18.06.14:755][  0]LogRenderer: Reallocating scene render targets to support 920x456 Format 9 NumSamples 1 (Frame:1).
[2017.12.29-18.06.14:787][  0]LogSlate: Took 0.000391 seconds to synchronously load lazily loaded font '../../../Engine/Content/Slate/Fonts/Roboto-Light.ttf' (159K)
[2017.12.29-18.06.14:926][  0]LogContentBrowser: Native class hierarchy updated for 'HierarchicalLODOutliner' in 0.0023 seconds. Added 1 classes and 2 folders.
[2017.12.29-18.06.14:926][  0]LogLoad: (Engine Initialization) Total time: 88.87 seconds
[2017.12.29-18.06.14:926][  0]LogLoad: (Engine Initialization) Total Blueprint compile time: 0.00 seconds
[2017.12.29-18.06.14:926][  0]LogExternalProfiler: Found external profiler: VSPerf
[2017.12.29-18.06.14:926][  0]LogExternalProfiler: Using external profiler: VSPerf
[2017.12.29-18.06.14:968][  0]LogContentStreaming: Texture pool size now 400 MB
[2017.12.29-18.06.15:018][  1]LogAssetRegistry: Asset discovery search completed in 15.2573 seconds
[2017.12.29-18.06.15:021][  1]LogCollectionManager: Rebuilt the object cache for 0 collections in 0.000000 seconds (found 0 objects)
[2017.12.29-18.06.15:021][  1]LogCollectionManager: Fixed up redirectors for 0 collections in 0.000043 seconds (updated 0 objects)
[2017.12.29-18.06.30:099][902]LogWindowsTextInputMethodSystem: Display: IME system now deactivated.
[2017.12.29-18.06.30:103][902]LogWindowsTextInputMethodSystem: Display: IME system now deactivated.
[2017.12.29-18.06.30:251][903]Cmd: QUIT_EDITOR
[2017.12.29-18.06.30:271][903]LogExit: Preparing to exit.
[2017.12.29-18.06.31:004][903]LogExit: Editor shut down
[2017.12.29-18.06.31:012][903]LogExit: Transaction tracking system shut down
[2017.12.29-18.06.31:167][903]LogDirectoryWatcher: A directory notification for '../../../Engine/Content/' was aborted.
[2017.12.29-18.06.31:167][903]LogDirectoryWatcher: A directory notification for 'C:/Users/jamie/Desktop/UE4Noobs/Project/URNoobs/SniperAcademy/Content/' was aborted.
[2017.12.29-18.06.31:167][903]LogDirectoryWatcher: A directory notification for '../../../Engine/Plugins/2D/Paper2D/Content/' was aborted.
[2017.12.29-18.06.31:167][903]LogDirectoryWatcher: A directory notification for '../../../Engine/Plugins/Runtime/Oculus/OculusVR/Content/' was aborted.
[2017.12.29-18.06.31:168][903]LogDirectoryWatcher: A directory notification for '../../../Engine/Plugins/Runtime/Steam/SteamVR/Content/' was aborted.
[2017.12.29-18.06.31:215][903]LogExit: Object subsystem successfully closed.
[2017.12.29-18.06.31:324][903]LogD3D11RHI: Shutdown
[2017.12.29-18.06.31:324][903]LogD3D11RHI: CleanupD3DDevice
[2017.12.29-18.06.31:444][903]LogD3D11RHI: ~FD3D11DynamicRHI
[2017.12.29-18.06.31:453][903]LogModuleManager: Shutting down and abandoning module HierarchicalLODOutliner (532)
[2017.12.29-18.06.31:453][903]LogModuleManager: Shutting down and abandoning module SceneOutliner (530)
[2017.12.29-18.06.31:453][903]LogModuleManager: Shutting down and abandoning module AddContentDialog (528)
[2017.12.29-18.06.31:453][903]LogDirectoryWatcher: A directory notification for 'E:/UE4/UE_4.17/FeaturePacks/' was aborted.
[2017.12.29-18.06.31:454][903]LogModuleManager: Shutting down and abandoning module WidgetCarousel (527)
[2017.12.29-18.06.31:454][903]LogModuleManager: Shutting down and abandoning module EditorWidgets (524)
[2017.12.29-18.06.31:454][903]LogModuleManager: Shutting down and abandoning module CollectionManager (522)
[2017.12.29-18.06.31:454][903]LogDirectoryWatcher: A directory notification for 'C:/Users/jamie/Desktop/UE4Noobs/Project/URNoobs/SniperAcademy/Content/Collections/' was aborted.
[2017.12.29-18.06.31:454][903]LogDirectoryWatcher: A directory notification for 'C:/Users/jamie/Desktop/UE4Noobs/Project/URNoobs/SniperAcademy/Content/Developers/jamie/Collections/' was aborted.
[2017.12.29-18.06.31:454][903]LogDirectoryWatcher: A directory notification for 'C:/Users/jamie/Desktop/UE4Noobs/Project/URNoobs/SniperAcademy/Saved/Collections/' was aborted.
[2017.12.29-18.06.31:454][903]LogModuleManager: Shutting down and abandoning module StatsViewer (520)
[2017.12.29-18.06.31:454][903]LogModuleManager: Shutting down and abandoning module FoliageEdit (518)
[2017.12.29-18.06.31:454][903]LogModuleManager: Shutting down and abandoning module LandscapeEditor (516)
[2017.12.29-18.06.31:454][903]LogModuleManager: Shutting down and abandoning module MeshPaintMode (514)
[2017.12.29-18.06.31:454][903]LogModuleManager: Shutting down and abandoning module SceneDepthPickerMode (512)
[2017.12.29-18.06.31:454][903]LogModuleManager: Shutting down and abandoning module ActorPickerMode (510)
[2017.12.29-18.06.31:454][903]LogModuleManager: Shutting down and abandoning module GeometryMode (508)
[2017.12.29-18.06.31:454][903]LogModuleManager: Shutting down and abandoning module TextureAlignMode (506)
[2017.12.29-18.06.31:454][903]LogModuleManager: Shutting down and abandoning module BspMode (504)
[2017.12.29-18.06.31:454][903]LogModuleManager: Shutting down and abandoning module PIEPreviewDeviceProfileSelector (502)
[2017.12.29-18.06.31:454][903]LogModuleManager: Shutting down and abandoning module HardwareSurvey (500)
[2017.12.29-18.06.31:454][903]LogModuleManager: Shutting down and abandoning module SequenceRecorderSections (498)
[2017.12.29-18.06.31:454][903]LogModuleManager: Shutting down and abandoning module AutomationWorker (496)
[2017.12.29-18.06.31:454][903]LogModuleManager: Shutting down and abandoning module MatineeToLevelSequence (494)
[2017.12.29-18.06.31:454][903]LogModuleManager: Shutting down and abandoning module LevelSequenceEditor (492)
[2017.12.29-18.06.31:454][903]LogModuleManager: Shutting down and abandoning module PlacementMode (491)
[2017.12.29-18.06.31:454][903]LogModuleManager: Shutting down and abandoning module WmfMediaFactory (488)
[2017.12.29-18.06.31:454][903]LogModuleManager: Shutting down and abandoning module WmfMediaEditor (486)
[2017.12.29-18.06.31:454][903]LogModuleManager: Shutting down and abandoning module AvfMediaFactory (484)
[2017.12.29-18.06.31:454][903]LogModuleManager: Shutting down and abandoning module AvfMediaEditor (482)
[2017.12.29-18.06.31:454][903]LogModuleManager: Shutting down and abandoning module AndroidMediaFactory (480)
[2017.12.29-18.06.31:454][903]LogModuleManager: Shutting down and abandoning module Media (479)
[2017.12.29-18.06.31:454][903]LogModuleManager: Shutting down and abandoning module AndroidMediaEditor (476)
[2017.12.29-18.06.31:454][903]LogModuleManager: Shutting down and abandoning module CharacterAI (474)
[2017.12.29-18.06.31:454][903]LogModuleManager: Shutting down and abandoning module AudioCapture (472)
[2017.12.29-18.06.31:454][903]LogModuleManager: Shutting down and abandoning module SequenceRecorder (471)
[2017.12.29-18.06.31:454][903]LogModuleManager: Shutting down and abandoning module SmartSnapping (468)
[2017.12.29-18.06.31:455][903]LogModuleManager: Shutting down and abandoning module SessionServices (466)
[2017.12.29-18.06.31:455][903]LogModuleManager: Shutting down and abandoning module ViewportSnapping (464)
[2017.12.29-18.06.31:455][903]LogModuleManager: Shutting down and abandoning module ViewportInteraction (462)
[2017.12.29-18.06.31:455][903]LogModuleManager: Shutting down and abandoning module ClothPainter (460)
[2017.12.29-18.06.31:455][903]LogModuleManager: Shutting down and abandoning module LogVisualizer (458)
[2017.12.29-18.06.31:455][903]LogModuleManager: Shutting down and abandoning module IntroTutorials (456)
[2017.12.29-18.06.31:455][903]LogModuleManager: Shutting down and abandoning module GameProjectGeneration (455)
[2017.12.29-18.06.31:455][903]LogModuleManager: Shutting down and abandoning module IOSPlatformEditor (452)
[2017.12.29-18.06.31:455][903]LogModuleManager: Shutting down and abandoning module HTML5PlatformEditor (450)
[2017.12.29-18.06.31:455][903]LogModuleManager: Shutting down and abandoning module AndroidPlatformEditor (448)
[2017.12.29-18.06.31:455][903]LogModuleManager: Shutting down and abandoning module AndroidDeviceDetection (447)
[2017.12.29-18.06.31:762][903]LogModuleManager: Shutting down and abandoning module WindowsPlatformEditor (444)
[2017.12.29-18.06.31:762][903]LogModuleManager: Shutting down and abandoning module IOSRuntimeSettings (442)
[2017.12.29-18.06.31:762][903]LogModuleManager: Shutting down and abandoning module AndroidRuntimeSettings (440)
[2017.12.29-18.06.31:762][903]LogModuleManager: Shutting down and abandoning module InputBindingEditor (438)
[2017.12.29-18.06.31:762][903]LogModuleManager: Shutting down and abandoning module MergeActors (436)
[2017.12.29-18.06.31:762][903]LogModuleManager: Shutting down and abandoning module SizeMap (434)
[2017.12.29-18.06.31:762][903]LogModuleManager: Shutting down and abandoning module TreeMap (432)
[2017.12.29-18.06.31:762][903]LogModuleManager: Shutting down and abandoning module ReferenceViewer (430)
[2017.12.29-18.06.31:762][903]LogModuleManager: Shutting down and abandoning module LocalizationDashboard (428)
[2017.12.29-18.06.31:762][903]LogModuleManager: Shutting down and abandoning module LocalizationService (427)
[2017.12.29-18.06.31:762][903]LogModuleManager: Shutting down and abandoning module HardwareTargeting (424)
[2017.12.29-18.06.31:762][903]LogModuleManager: Shutting down and abandoning module DeviceProfileEditor (422)
[2017.12.29-18.06.31:762][903]LogModuleManager: Shutting down and abandoning module UndoHistory (420)
[2017.12.29-18.06.31:762][903]LogModuleManager: Shutting down and abandoning module XmlParser (418)
[2017.12.29-18.06.31:762][903]LogModuleManager: Shutting down and abandoning module Blutility (416)
[2017.12.29-18.06.31:762][903]LogModuleManager: Shutting down and abandoning module ProjectSettingsViewer (414)
[2017.12.29-18.06.31:762][903]LogModuleManager: Shutting down and abandoning module ProjectTargetPlatformEditor (413)
[2017.12.29-18.06.31:762][903]LogModuleManager: Shutting down and abandoning module EditorSettingsViewer (410)
[2017.12.29-18.06.31:762][903]LogModuleManager: Shutting down and abandoning module SettingsEditor (408)
[2017.12.29-18.06.31:762][903]LogModuleManager: Shutting down and abandoning module ProjectLauncher (406)
[2017.12.29-18.06.31:762][903]LogModuleManager: Shutting down and abandoning module SessionFrontend (404)
[2017.12.29-18.06.31:762][903]LogModuleManager: Shutting down and abandoning module ProfilerClient (402)
[2017.12.29-18.06.31:762][903]LogModuleManager: Shutting down and abandoning module DeviceManager (400)
[2017.12.29-18.06.31:762][903]LogModuleManager: Shutting down and abandoning module TargetDeviceServices (399)
[2017.12.29-18.06.31:814][903]LogModuleManager: Shutting down and abandoning module AutomationController (396)
[2017.12.29-18.06.31:814][903]LogModuleManager: Shutting down and abandoning module AutomationWindow (394)
[2017.12.29-18.06.31:814][903]LogModuleManager: Shutting down and abandoning module Layers (392)
[2017.12.29-18.06.31:814][903]LogModuleManager: Shutting down and abandoning module ComponentVisualizers (390)
[2017.12.29-18.06.31:814][903]LogModuleManager: Shutting down and abandoning module DetailCustomizations (388)
[2017.12.29-18.06.31:814][903]LogModuleManager: Shutting down and abandoning module PackagesDialog (386)
[2017.12.29-18.06.31:814][903]LogModuleManager: Shutting down and abandoning module Persona (384)
[2017.12.29-18.06.31:814][903]LogModuleManager: Shutting down and abandoning module AdvancedPreviewScene (383)
[2017.12.29-18.06.31:814][903]LogModuleManager: Shutting down and abandoning module AnimGraph (381)
[2017.12.29-18.06.31:814][903]LogModuleManager: Shutting down and abandoning module Kismet (378)
[2017.12.29-18.06.31:815][903]LogModuleManager: Shutting down and abandoning module ClassViewer (376)
[2017.12.29-18.06.31:815][903]LogModuleManager: Shutting down and abandoning module Toolbox (374)
[2017.12.29-18.06.31:815][903]LogModuleManager: Shutting down and abandoning module ModuleUI (372)
[2017.12.29-18.06.31:815][903]LogModuleManager: Shutting down and abandoning module MovieSceneTools (370)
[2017.12.29-18.06.31:815][903]LogModuleManager: Shutting down and abandoning module OutputLog (368)
[2017.12.29-18.06.31:815][903]LogModuleManager: Shutting down and abandoning module GammaUI (366)
[2017.12.29-18.06.31:815][903]LogModuleManager: Shutting down and abandoning module Documentation (364)
[2017.12.29-18.06.31:815][903]LogModuleManager: Shutting down and abandoning module MovieSceneTracks (362)
[2017.12.29-18.06.31:815][903]LogModuleManager: Shutting down and abandoning module MovieScene (360)
[2017.12.29-18.06.31:815][903]LogModuleManager: Shutting down and abandoning module Niagara (358)
[2017.12.29-18.06.31:815][903]LogModuleManager: Shutting down and abandoning module NiagaraEditor (357)
[2017.12.29-18.06.31:815][903]LogModuleManager: Shutting down and abandoning module StreamingPauseRendering (354)
[2017.12.29-18.06.31:815][903]LogModuleManager: Shutting down and abandoning module LauncherPlatform (352)
[2017.12.29-18.06.31:815][903]LogModuleManager: Shutting down and abandoning module AnalyticsET (350)
[2017.12.29-18.06.31:815][903]LogModuleManager: Shutting down and abandoning module PortalServices (348)
[2017.12.29-18.06.31:815][903]LogModuleManager: Shutting down and abandoning module PortalRpc (346)
[2017.12.29-18.06.31:815][903]LogModuleManager: Shutting down and abandoning module MessagingRpc (344)
[2017.12.29-18.06.31:815][903]LogModuleManager: Shutting down and abandoning module AIModule (342)
[2017.12.29-18.06.31:815][903]LogModuleManager: Shutting down and abandoning module GameplayDebugger (341)
[2017.12.29-18.06.31:815][903]LogModuleManager: Shutting down and abandoning module AITestSuite (339)
[2017.12.29-18.06.31:815][903]LogModuleManager: Shutting down and abandoning module ProfilerService (336)
[2017.12.29-18.06.31:943][903]LogModuleManager: Shutting down and abandoning module TaskGraph (334)
[2017.12.29-18.06.31:943][903]LogModuleManager: Shutting down and abandoning module SteamVRController (332)
[2017.12.29-18.06.31:943][903]LogModuleManager: Shutting down and abandoning module ProceduralMeshComponentEditor (330)
[2017.12.29-18.06.31:943][903]LogModuleManager: Shutting down and abandoning module ProceduralMeshComponent (328)
[2017.12.29-18.06.31:943][903]LogModuleManager: Shutting down and abandoning module OculusInput (326)
[2017.12.29-18.06.31:943][903]LogModuleManager: Shutting down and abandoning module MobilePatchingUtils (324)
[2017.12.29-18.06.31:943][903]LogModuleManager: Shutting down and abandoning module CustomMeshComponent (322)
[2017.12.29-18.06.31:943][903]LogModuleManager: Shutting down and abandoning module CableComponent (320)
[2017.12.29-18.06.31:943][903]LogModuleManager: Shutting down and abandoning module ArchVisCharacter (318)
[2017.12.29-18.06.31:943][903]LogModuleManager: Shutting down and abandoning module AndroidPermission (316)
[2017.12.29-18.06.31:943][903]LogModuleManager: Shutting down and abandoning module MediaPlayerEditor (312)
[2017.12.29-18.06.31:943][903]LogModuleManager: Shutting down and abandoning module HTML5Networking (310)
[2017.12.29-18.06.31:943][903]LogModuleManager: Shutting down and abandoning module AlembicImporter (308)
[2017.12.29-18.06.31:943][903]LogModuleManager: Shutting down and abandoning module AlembicLibrary (307)
[2017.12.29-18.06.31:943][903]LogModuleManager: Shutting down and abandoning module GeometryCache (306)
[2017.12.29-18.06.31:943][903]LogModuleManager: Shutting down and abandoning module GeometryCacheEd (305)
[2017.12.29-18.06.31:943][903]LogModuleManager: Shutting down and abandoning module SpeedTreeImporter (300)
[2017.12.29-18.06.31:943][903]LogModuleManager: Shutting down and abandoning module PluginBrowser (298)
[2017.12.29-18.06.31:944][903]LogModuleManager: Shutting down and abandoning module MobileLauncherProfileWizard (296)
[2017.12.29-18.06.31:944][903]LogModuleManager: Shutting down and abandoning module VisualStudioSourceCodeAccess (294)
[2017.12.29-18.06.31:944][903]LogModuleManager: Shutting down and abandoning module UObjectPlugin (292)
[2017.12.29-18.06.31:944][903]LogModuleManager: Shutting down and abandoning module SubversionSourceControl (290)
[2017.12.29-18.06.31:944][903]LogModuleManager: Shutting down and abandoning module PerforceSourceControl (288)
[2017.12.29-18.06.31:944][903]LogModuleManager: Shutting down and abandoning module GitSourceControl (286)
[2017.12.29-18.06.31:944][903]LogModuleManager: Shutting down and abandoning module SourceControl (285)
[2017.12.29-18.06.31:944][903]LogModuleManager: Shutting down and abandoning module LightPropagationVolumeEditor (282)
[2017.12.29-18.06.31:944][903]LogModuleManager: Shutting down and abandoning module PaperTiledImporter (280)
[2017.12.29-18.06.31:944][903]LogModuleManager: Shutting down and abandoning module PaperSpriteSheetImporter (278)
[2017.12.29-18.06.31:944][903]LogModuleManager: Shutting down and abandoning module Paper2DEditor (276)
[2017.12.29-18.06.31:944][903]LogModuleManager: Shutting down and abandoning module MeshPaint (275)
[2017.12.29-18.06.31:944][903]LogModuleManager: Shutting down and abandoning module LevelEditor (273)
[2017.12.29-18.06.31:945][903]LogModuleManager: Shutting down and abandoning module PixelInspectorModule (272)
[2017.12.29-18.06.31:945][903]LogModuleManager: Shutting down and abandoning module MainFrame (270)
[2017.12.29-18.06.31:945][903]LogModuleManager: Shutting down and abandoning module HotReload (269)
[2017.12.29-18.06.31:945][903]LogDirectoryWatcher: A directory notification for 'C:/Users/jamie/Desktop/UE4Noobs/Project/URNoobs/SniperAcademy/Binaries/Win64' was aborted.
[2017.12.29-18.06.31:945][903]LogModuleManager: Shutting down and abandoning module SniperAcademy (264)
[2017.12.29-18.06.31:945][903]LogModuleManager: Shutting down and abandoning module RuntimePhysXCooking (262)
[2017.12.29-18.06.31:945][903]LogModuleManager: Shutting down and abandoning module PhysXVehiclesEditor (260)
[2017.12.29-18.06.31:946][903]LogModuleManager: Shutting down and abandoning module PhysXVehicles (258)
[2017.12.29-18.06.31:946][903]LogModuleManager: Shutting down and abandoning module OculusEditor (256)
[2017.12.29-18.06.31:946][903]LogModuleManager: Shutting down and abandoning module LocationServicesBPLibrary (254)
[2017.12.29-18.06.31:946][903]LogModuleManager: Shutting down and abandoning module ImmediatePhysicsEditor (252)
[2017.12.29-18.06.31:946][903]LogModuleManager: Shutting down and abandoning module ImmediatePhysics (250)
[2017.12.29-18.06.31:946][903]LogModuleManager: Shutting down and abandoning module UdpMessaging (248)
[2017.12.29-18.06.32:047][903]LogModuleManager: Shutting down and abandoning module TcpMessaging (246)
[2017.12.29-18.06.32:147][903]LogModuleManager: Shutting down and abandoning module GameplayTagsEditor (244)
[2017.12.29-18.06.32:147][903]LogModuleManager: Shutting down and abandoning module FacialAnimationEditor (242)
[2017.12.29-18.06.32:147][903]LogModuleManager: Shutting down and abandoning module FacialAnimation (240)
[2017.12.29-18.06.32:147][903]LogModuleManager: Shutting down and abandoning module AssetManagerEditor (238)
[2017.12.29-18.06.32:147][903]LogModuleManager: Shutting down and abandoning module GraphEditor (237)
[2017.12.29-18.06.32:147][903]LogModuleManager: Shutting down and abandoning module ContentBrowser (235)
[2017.12.29-18.06.32:148][903]LogModuleManager: Shutting down and abandoning module LightPropagationVolumeRuntime (232)
[2017.12.29-18.06.32:148][903]LogModuleManager: Shutting down and abandoning module Paper2D (230)
[2017.12.29-18.06.32:148][903]LogModuleManager: Shutting down and abandoning module WindowsMoviePlayer (228)
[2017.12.29-18.06.32:149][903]LogModuleManager: Shutting down and abandoning module WmfMedia (226)
[2017.12.29-18.06.32:149][903]LogModuleManager: Shutting down and abandoning module PacketHandler (224)
[2017.12.29-18.06.32:149][903]LogModuleManager: Shutting down and abandoning module ClothingSystemEditor (222)
[2017.12.29-18.06.32:149][903]LogModuleManager: Shutting down and abandoning module ClothingSystemRuntime (220)
[2017.12.29-18.06.32:149][903]LogModuleManager: Shutting down and abandoning module Overlay (218)
[2017.12.29-18.06.32:149][903]LogModuleManager: Shutting down and abandoning module OverlayEditor (217)
[2017.12.29-18.06.32:149][903]LogModuleManager: Shutting down and abandoning module MediaAssets (214)
[2017.12.29-18.06.32:149][903]LogModuleManager: Shutting down and abandoning module VREditor (212)
[2017.12.29-18.06.32:149][903]LogModuleManager: Shutting down and abandoning module StringTableEditor (210)
[2017.12.29-18.06.32:149][903]LogModuleManager: Shutting down and abandoning module GameplayTasksEditor (208)
[2017.12.29-18.06.32:149][903]LogModuleManager: Shutting down and abandoning module BehaviorTreeEditor (206)
[2017.12.29-18.06.32:149][903]LogModuleManager: Shutting down and abandoning module FunctionalTesting (204)
[2017.12.29-18.06.32:149][903]LogModuleManager: Shutting down and abandoning module CollisionAnalyzer (202)
[2017.12.29-18.06.32:149][903]LogModuleManager: Shutting down and abandoning module WorkspaceMenuStructure (201)
[2017.12.29-18.06.32:149][903]LogModuleManager: Shutting down and abandoning module UMG (198)
[2017.12.29-18.06.32:149][903]LogModuleManager: Shutting down and abandoning module UMGEditor (197)
[2017.12.29-18.06.32:149][903]LogModuleManager: Shutting down and abandoning module Sequencer (196)
[2017.12.29-18.06.32:149][903]LogModuleManager: Shutting down and abandoning module MessageLog (193)
[2017.12.29-18.06.32:149][903]LogModuleManager: Shutting down and abandoning module SlateReflector (188)
[2017.12.29-18.06.32:149][903]LogModuleManager: Shutting down and abandoning module Slate (186)
[2017.12.29-18.06.32:149][903]LogModuleManager: Shutting down and abandoning module EditorStyle (184)
[2017.12.29-18.06.32:151][903]LogModuleManager: Shutting down and abandoning module MRMesh (182)
[2017.12.29-18.06.32:151][903]LogModuleManager: Shutting down and abandoning module SourceCodeAccess (180)
[2017.12.29-18.06.32:151][903]LogModuleManager: Shutting down and abandoning module HeadMountedDisplay (178)
[2017.12.29-18.06.32:151][903]LogModuleManager: Shutting down and abandoning module XAudio2 (176)
[2017.12.29-18.06.32:151][903]LogModuleManager: Shutting down and abandoning module Networking (174)
[2017.12.29-18.06.32:151][903]LogModuleManager: Shutting down and abandoning module Core (170)
[2017.12.29-18.06.32:151][903]LogModuleManager: Shutting down and abandoning module KismetCompiler (166)
[2017.12.29-18.06.32:151][903]LogModuleManager: Shutting down and abandoning module LevelSequence (164)
[2017.12.29-18.06.32:151][903]LogModuleManager: Shutting down and abandoning module MeshUtilities (162)
[2017.12.29-18.06.32:151][903]LogModuleManager: Shutting down and abandoning module MeshMergeUtilities (161)
[2017.12.29-18.06.32:151][903]LogModuleManager: Shutting down and abandoning module MeshReductionInterface (160)
[2017.12.29-18.06.32:151][903]LogModuleManager: Shutting down and abandoning module SimplygonSwarm (159)
[2017.12.29-18.06.32:151][903]LogModuleManager: Shutting down and abandoning module SimplygonMeshReduction (157)
[2017.12.29-18.06.32:151][903]LogModuleManager: Shutting down and abandoning module QuadricMeshReduction (155)
[2017.12.29-18.06.32:151][903]LogModuleManager: Shutting down and abandoning module MaterialBaking (151)
[2017.12.29-18.06.32:151][903]LogModuleManager: Shutting down and abandoning module DirectoryWatcher (148)
[2017.12.29-18.06.32:152][903]LogModuleManager: Shutting down and abandoning module DerivedDataCache (146)
[2017.12.29-18.06.32:469][903]LogDerivedDataCache: Shutdown
[2017.12.29-18.06.32:469][903]LogModuleManager: Shutting down and abandoning module TargetPlatform (144)
[2017.12.29-18.06.32:469][903]LogModuleManager: Shutting down and abandoning module VulkanShaderFormat (143)
[2017.12.29-18.06.32:469][903]LogModuleManager: Shutting down and abandoning module ShaderFormatVectorVM (141)
[2017.12.29-18.06.32:469][903]LogModuleManager: Shutting down and abandoning module ShaderFormatOpenGL (139)
[2017.12.29-18.06.32:469][903]LogModuleManager: Shutting down and abandoning module ShaderFormatD3D (137)
[2017.12.29-18.06.32:469][903]LogModuleManager: Shutting down and abandoning module MetalShaderFormat (135)
[2017.12.29-18.06.32:469][903]LogModuleManager: Shutting down and abandoning module TextureFormatUncompressed (133)
[2017.12.29-18.06.32:469][903]LogModuleManager: Shutting down and abandoning module TextureFormatPVR (131)
[2017.12.29-18.06.32:469][903]LogModuleManager: Shutting down and abandoning module TextureFormatDXT (129)
[2017.12.29-18.06.32:469][903]LogModuleManager: Shutting down and abandoning module TextureFormatIntelISPCTexComp (127)
[2017.12.29-18.06.32:469][903]LogModuleManager: Shutting down and abandoning module TextureFormatASTC (125)
[2017.12.29-18.06.32:469][903]LogModuleManager: Shutting down and abandoning module ImageWrapper (124)
[2017.12.29-18.06.32:469][903]LogModuleManager: Shutting down and abandoning module TextureFormatAndroid (121)
[2017.12.29-18.06.32:469][903]LogModuleManager: Shutting down and abandoning module AudioFormatOpus (119)
[2017.12.29-18.06.32:469][903]LogModuleManager: Shutting down and abandoning module AudioFormatOgg (117)
[2017.12.29-18.06.32:469][903]LogModuleManager: Shutting down and abandoning module AudioFormatADPCM (115)
[2017.12.29-18.06.32:469][903]LogModuleManager: Shutting down and abandoning module LinuxTargetPlatform (113)
[2017.12.29-18.06.32:469][903]LogModuleManager: Shutting down and abandoning module LinuxServerTargetPlatform (111)
[2017.12.29-18.06.32:469][903]LogModuleManager: Shutting down and abandoning module LinuxNoEditorTargetPlatform (109)
[2017.12.29-18.06.32:469][903]LogModuleManager: Shutting down and abandoning module LinuxClientTargetPlatform (107)
[2017.12.29-18.06.32:469][903]LogModuleManager: Shutting down and abandoning module TVOSTargetPlatform (105)
[2017.12.29-18.06.32:469][903]LogModuleManager: Shutting down and abandoning module Messaging (103)
[2017.12.29-18.06.32:469][903]LogModuleManager: Shutting down and abandoning module IOSTargetPlatform (101)
[2017.12.29-18.06.32:469][903]LogModuleManager: Shutting down and abandoning module HTML5TargetPlatform (99)
[2017.12.29-18.06.32:469][903]LogModuleManager: Shutting down and abandoning module Android_PVRTCTargetPlatform (97)
[2017.12.29-18.06.32:469][903]LogModuleManager: Shutting down and abandoning module Android_MultiTargetPlatform (95)
[2017.12.29-18.06.32:469][903]LogModuleManager: Shutting down and abandoning module Android_ETC2TargetPlatform (93)
[2017.12.29-18.06.32:469][903]LogModuleManager: Shutting down and abandoning module Android_ETC1TargetPlatform (91)
[2017.12.29-18.06.32:469][903]LogModuleManager: Shutting down and abandoning module Android_DXTTargetPlatform (89)
[2017.12.29-18.06.32:469][903]LogModuleManager: Shutting down and abandoning module Android_ATCTargetPlatform (87)
[2017.12.29-18.06.32:469][903]LogModuleManager: Shutting down and abandoning module Android_ASTCTargetPlatform (85)
[2017.12.29-18.06.32:469][903]LogModuleManager: Shutting down and abandoning module AndroidTargetPlatform (83)
[2017.12.29-18.06.32:469][903]LogModuleManager: Shutting down and abandoning module WindowsTargetPlatform (81)
[2017.12.29-18.06.32:469][903]LogModuleManager: Shutting down and abandoning module WindowsServerTargetPlatform (79)
[2017.12.29-18.06.32:469][903]LogModuleManager: Shutting down and abandoning module WindowsNoEditorTargetPlatform (77)
[2017.12.29-18.06.32:469][903]LogModuleManager: Shutting down and abandoning module WindowsClientTargetPlatform (75)
[2017.12.29-18.06.32:469][903]LogModuleManager: Shutting down and abandoning module MacTargetPlatform (73)
[2017.12.29-18.06.32:469][903]LogModuleManager: Shutting down and abandoning module MacServerTargetPlatform (71)
[2017.12.29-18.06.32:469][903]LogModuleManager: Shutting down and abandoning module MacNoEditorTargetPlatform (69)
[2017.12.29-18.06.32:469][903]LogModuleManager: Shutting down and abandoning module MacClientTargetPlatform (67)
[2017.12.29-18.06.32:469][903]LogModuleManager: Shutting down and abandoning module AllDesktopTargetPlatform (65)
[2017.12.29-18.06.32:469][903]LogModuleManager: Shutting down and abandoning module InputCore (62)
[2017.12.29-18.06.32:469][903]LogModuleManager: Shutting down and abandoning module Settings (60)
[2017.12.29-18.06.32:469][903]LogModuleManager: Shutting down and abandoning module PhysXCooking (58)
[2017.12.29-18.06.32:469][903]LogModuleManager: Shutting down and abandoning module SteamVR (56)
[2017.12.29-18.06.32:469][903]LogModuleManager: Shutting down and abandoning module OculusHMD (54)
[2017.12.29-18.06.32:469][903]LogModuleManager: Shutting down and abandoning module ExampleDeviceProfileSelector (52)
[2017.12.29-18.06.32:469][903]LogModuleManager: Shutting down and abandoning module OnlineBlueprintSupport (50)
[2017.12.29-18.06.32:469][903]LogModuleManager: Shutting down and abandoning module OnlineSubsystem (46)
[2017.12.29-18.06.32:469][903]LogOnline: Display: Unloading online subsystem: NULL
[2017.12.29-18.06.32:469][903]LogModuleManager: Shutting down and abandoning module XMPP (45)
[2017.12.29-18.06.32:469][903]LogModuleManager: Shutting down and abandoning module HTTP (43)
[2017.12.29-18.06.32:470][903]LogHttp: Display: Http module shutting down, but needs to wait on 1 outstanding Http requests:
[2017.12.29-18.06.32:470][903]LogHttp: Display: 	verb=[POST] url=[https://datarouter.ol.epicgames.com/datarouter/api/v1/public/data?SessionID=%7B5B2C1D1F-43B0-727D-119F-4EB068EAE85E%7D&AppID=UEEditor.Rocket.Release&AppVersion=4.17.2-3658906%2B%2B%2BUE4%2BRelease-4.17&UserID=eabb63394e45bf200b53acb0cd8f51d4%7C65d8a9be65b44b808c49fb10d11b68ff%7Cabeeb81a-f14f-4850-a18c-12e1f92dea6a&AppEnvironment=datacollector-binary&UploadType=eteventstream] status=Processing
[2017.12.29-18.06.32:494][903]LogModuleManager: Shutting down and abandoning module SSL (42)
[2017.12.29-18.06.32:495][903]LogModuleManager: Shutting down and abandoning module DesktopPlatform (38)
[2017.12.29-18.06.32:496][903]LogModuleManager: Shutting down and abandoning module AnimationModifiers (36)
[2017.12.29-18.06.32:496][903]LogModuleManager: Shutting down and abandoning module PropertyEditor (35)
[2017.12.29-18.06.32:496][903]LogModuleManager: Shutting down and abandoning module AudioEditor (32)
[2017.12.29-18.06.32:496][903]LogModuleManager: Shutting down and abandoning module TextureCompressor (30)
[2017.12.29-18.06.32:496][903]LogModuleManager: Shutting down and abandoning module ShaderCore (28)
[2017.12.29-18.06.32:496][903]LogModuleManager: Shutting down and abandoning module Landscape (26)
[2017.12.29-18.06.32:496][903]LogModuleManager: Shutting down and abandoning module SlateRHIRenderer (24)
[2017.12.29-18.06.32:496][903]LogModuleManager: Shutting down and abandoning module OpenGLDrv (22)
[2017.12.29-18.06.32:496][903]LogModuleManager: Shutting down and abandoning module D3D11RHI (20)
[2017.12.29-18.06.32:496][903]LogModuleManager: Shutting down and abandoning module AnimGraphRuntime (18)
[2017.12.29-18.06.32:496][903]LogModuleManager: Shutting down and abandoning module Renderer (16)
[2017.12.29-18.06.32:496][903]LogModuleManager: Shutting down and abandoning module Engine (14)
[2017.12.29-18.06.32:496][903]LogModuleManager: Shutting down and abandoning module CoreUObject (12)
[2017.12.29-18.06.32:496][903]LogModuleManager: Shutting down and abandoning module NetworkFile (10)
[2017.12.29-18.06.32:496][903]LogModuleManager: Shutting down and abandoning module CookedIterativeFile (8)
[2017.12.29-18.06.32:496][903]LogModuleManager: Shutting down and abandoning module StreamingFile (6)
[2017.12.29-18.06.32:496][903]LogModuleManager: Shutting down and abandoning module SandboxFile (4)
[2017.12.29-18.06.32:496][903]LogModuleManager: Shutting down and abandoning module PakFile (2)
[2017.12.29-18.06.32:499][903]LogExit: Exiting.
[2017.12.29-18.06.32:508][903]Log file closed, 12/29/17 13:06:32
