Log file open, 12/20/17 12:48:10
LogWindows: Failed to load 'aqProf.dll' (GetLastError=126)
LogWindows: File 'aqProf.dll' does not exist
LogWindows: Failed to load 'VtuneApi.dll' (GetLastError=126)
LogWindows: File 'VtuneApi.dll' does not exist
LogWindows: Failed to load 'VtuneApi32e.dll' (GetLastError=126)
LogWindows: File 'VtuneApi32e.dll' does not exist
LogInit: Display: Running engine for game: SniperAcademy
LogPlatformFile: Not using cached read wrapper
LogInit: Display: RandInit(739497429) SRandInit(739497429).
LogTaskGraph: Started task graph with 5 named threads and 14 total threads with 3 sets of task threads.
LogStats: Stats thread started at 0.175791
LogD3D11RHI: Aftermath initialized
LogPluginManager: Mounting plugin Paper2D
LogPluginManager: Mounting plugin LightPropagationVolume
LogPluginManager: Mounting plugin CodeLiteSourceCodeAccess
LogPluginManager: Mounting plugin GitSourceControl
LogPluginManager: Mounting plugin KDevelopSourceCodeAccess
LogPluginManager: Mounting plugin NullSourceCodeAccess
LogPluginManager: Mounting plugin PerforceSourceControl
LogPluginManager: Mounting plugin SubversionSourceControl
LogPluginManager: Mounting plugin UObjectPlugin
LogPluginManager: Mounting plugin VisualStudioSourceCodeAccess
LogPluginManager: Mounting plugin XCodeSourceCodeAccess
LogPluginManager: Mounting plugin AssetManagerEditor
LogPluginManager: Mounting plugin AudioCapture
LogPluginManager: Mounting plugin FacialAnimation
LogPluginManager: Mounting plugin GameplayTagsEditor
LogPluginManager: Mounting plugin MobileLauncherProfileWizard
LogPluginManager: Mounting plugin PluginBrowser
LogPluginManager: Mounting plugin SpeedTreeImporter
LogPluginManager: Mounting plugin AlembicImporter
LogPluginManager: Mounting plugin CharacterAI
LogPluginManager: Mounting plugin HTML5Networking
LogPluginManager: Mounting plugin AndroidMedia
LogPluginManager: Mounting plugin AvfMedia
LogPluginManager: Mounting plugin MediaPlayerEditor
LogPluginManager: Mounting plugin WmfMedia
LogPluginManager: Mounting plugin TcpMessaging
LogPluginManager: Mounting plugin UdpMessaging
LogPluginManager: Mounting plugin LevelSequenceEditor
LogPluginManager: Mounting plugin MatineeToLevelSequence
LogPluginManager: Mounting plugin OnlineSubsystemGooglePlay
LogPluginManager: Mounting plugin OnlineSubsystemIOS
LogPluginManager: Mounting plugin OnlineSubsystem
LogPluginManager: Mounting plugin OnlineSubsystemNull
LogPluginManager: Mounting plugin OnlineSubsystemUtils
LogPluginManager: Mounting plugin AndroidDeviceProfileSelector
LogPluginManager: Mounting plugin AndroidMoviePlayer
LogPluginManager: Mounting plugin AndroidPermission
LogPluginManager: Mounting plugin AppleMoviePlayer
LogPluginManager: Mounting plugin ArchVisCharacter
LogPluginManager: Mounting plugin CableComponent
LogPluginManager: Mounting plugin CustomMeshComponent
LogPluginManager: Mounting plugin ExampleDeviceProfileSelector
LogPluginManager: Mounting plugin GoogleCloudMessaging
LogPluginManager: Mounting plugin ImmediatePhysics
LogPluginManager: Mounting plugin IOSDeviceProfileSelector
LogPluginManager: Mounting plugin LinuxDeviceProfileSelector
LogPluginManager: Mounting plugin LocationServicesBPLibrary
LogPluginManager: Mounting plugin MobilePatchingUtils
LogPluginManager: Mounting plugin OculusVR
LogPluginManager: Mounting plugin PhysXVehicles
LogPluginManager: Mounting plugin ProceduralMeshComponent
LogPluginManager: Mounting plugin RuntimePhysXCooking
LogPluginManager: Mounting plugin SteamVR
LogPluginManager: Mounting plugin WindowsMoviePlayer
LogInit: Using libcurl 7.47.1
LogInit:  - built for x86_64-pc-win32
LogInit:  - supports SSL with OpenSSL/1.0.2g
LogInit:  - supports HTTP deflate (compression) using libz 1.2.8
LogInit:  - other features:
LogInit:      CURL_VERSION_SSL
LogInit:      CURL_VERSION_LIBZ
LogInit:      CURL_VERSION_IPV6
LogInit:      CURL_VERSION_ASYNCHDNS
LogInit:      CURL_VERSION_LARGEFILE
LogInit:      CURL_VERSION_IDN
LogInit:  CurlRequestOptions (configurable via config and command line):
LogInit:  - bVerifyPeer = false  - Libcurl will NOT verify peer certificate
LogInit:  - bUseHttpProxy = false  - Libcurl will NOT use HTTP proxy
LogInit:  - bDontReuseConnections = false  - Libcurl will reuse connections
LogInit:  - CertBundlePath = nullptr  - Libcurl will use whatever was configured at build time.
LogInit: Build: ++UE4+Release-4.17-CL-3658906
LogInit: Engine Version: 4.17.2-3658906+++UE4+Release-4.17
LogInit: Compatible Engine Version: 4.17.0-3573198+++UE4+Release-4.17
LogInit: Net CL: 3573198
LogDevObjectVersion: Number of dev versions registered: 16
LogDevObjectVersion:   Dev-Blueprints (B0D832E4-1F89-4F0D-ACCF-7EB736FD4AA2): 10
LogDevObjectVersion:   Dev-Build (E1C64328-A22C-4D53-A36C-8E866417BD8C): 0
LogDevObjectVersion:   Dev-Core (375EC13C-06E4-48FB-B500-84F0262A717E): 2
LogDevObjectVersion:   Dev-Editor (E4B068ED-F494-42E9-A231-DA0B2E46BB41): 20
LogDevObjectVersion:   Dev-Framework (CFFC743F-43B0-4480-9391-14DF171D2073): 28
LogDevObjectVersion:   Dev-Mobile (B02B49B5-BB20-44E9-A304-32B752E40360): 0
LogDevObjectVersion:   Dev-Networking (A4E4105C-59A1-49B5-A7C5-40C4547EDFEE): 0
LogDevObjectVersion:   Dev-Online (39C831C9-5AE6-47DC-9A44-9C173E1C8E7C): 0
LogDevObjectVersion:   Dev-Physics (78F01B33-EBEA-4F98-B9B4-84EACCB95AA2): 0
LogDevObjectVersion:   Dev-Platform (6631380F-2D4D-43E0-8009-CF276956A95A): 0
LogDevObjectVersion:   Dev-Rendering (12F88B9F-8875-4AFC-A67C-D90C383ABD29): 19
LogDevObjectVersion:   Dev-Sequencer (7B5AE74C-D270-4C10-A958-57980B212A5A): 4
LogDevObjectVersion:   Dev-VR (D7296918-1DD6-4BDD-9DE2-64A83CC13884): 0
LogDevObjectVersion:   Dev-LoadTimes (C2A15278-BFE7-4AFE-6C17-90FF531DF755): 1
LogDevObjectVersion:   Private-Geometry (6EACA3D4-40EC-4CC1-B786-8BED09428FC5): 1
LogDevObjectVersion:   Dev-AnimPhys (29E575DD-E0A3-4627-9D10-D276232CDCEA): 7
LogInit: Compiled (64-bit): Sep 22 2017 13:47:16
LogInit: Compiled with Visual C++: 19.00.24215.01
LogInit: Build Configuration: Development
LogInit: Branch Name: ++UE4+Release-4.17
LogInit: Command line:  
LogInit: Base directory: E:/UE4/UE_4.17/Engine/Binaries/Win64/
LogInit: Installed Engine Build: 1
LogInit: Presizing for max 8388607 objects, including 0 objects not considered by GC, pre-allocating 0 bytes for permanent pool.
LogInit: Object subsystem initialized
[2017.12.20-17.48.11:903][  0]LogInit: Selected Device Profile: [Windows]
[2017.12.20-17.48.11:903][  0]LogInit: Applying CVar settings loaded from the selected device profile: [Windows]
[2017.12.20-17.48.11:912][  0]LogInit: Computer: DESKTOP-CJ0TBVV
[2017.12.20-17.48.11:912][  0]LogInit: User: jamie
[2017.12.20-17.48.11:912][  0]LogInit: CPU Page size=4096, Cores=4
[2017.12.20-17.48.11:913][  0]LogInit: High frequency timer resolution =2.338347 MHz
[2017.12.20-17.48.11:913][  0]LogMemory: Memory total: Physical=15.9GB (16GB approx)
[2017.12.20-17.48.11:913][  0]LogMemory: Platform Memory Stats for Windows
[2017.12.20-17.48.11:913][  0]LogMemory: Process Physical Memory: 279.63 MB used, 279.63 MB peak
[2017.12.20-17.48.11:913][  0]LogMemory: Process Virtual Memory: 282.46 MB used, 282.46 MB peak
[2017.12.20-17.48.11:913][  0]LogMemory: Physical Memory: 4866.96 MB used,  11434.59 MB free, 16301.55 MB total
[2017.12.20-17.48.11:913][  0]LogMemory: Virtual Memory: 677.07 MB used,  11434.59 MB free, 134217728.00 MB total
[2017.12.20-17.48.12:078][  0]LogInit: Using OS detected language (en-US).
[2017.12.20-17.48.12:078][  0]LogInit: Using OS detected locale (en-US).
[2017.12.20-17.48.12:083][  0]LogTextLocalizationManager: No specific localization for 'en-US' exists, so the 'en' localization will be used.
[2017.12.20-17.48.12:863][  0]LogD3D11RHI: D3D11 adapters:
[2017.12.20-17.48.12:905][  0]LogD3D11RHI:    0. 'NVIDIA GeForce GTX 765M' (Feature Level 11_0)
[2017.12.20-17.48.12:905][  0]LogD3D11RHI:       2018/0/8150 MB DedicatedVideo/DedicatedSystem/SharedSystem, Outputs:2, VendorId:0x10de
[2017.12.20-17.48.12:906][  0]LogD3D11RHI:    1. 'Microsoft Basic Render Driver' (Feature Level 11_0)
[2017.12.20-17.48.12:906][  0]LogD3D11RHI:       0/0/8150 MB DedicatedVideo/DedicatedSystem/SharedSystem, Outputs:0, VendorId:0x1414
[2017.12.20-17.48.12:906][  0]LogD3D11RHI: Chosen D3D11 Adapter: 0
[2017.12.20-17.48.12:913][  0]LogD3D11RHI: Creating new Direct3DDevice
[2017.12.20-17.48.12:913][  0]LogD3D11RHI:     GPU DeviceId: 0x11e2 (for the marketing name, search the web for "GPU Device Id")
[2017.12.20-17.48.12:913][  0]LogWindows: EnumDisplayDevices:
[2017.12.20-17.48.12:913][  0]LogWindows:    0. 'NVIDIA GeForce GTX 765M' (P:1 D:1)
[2017.12.20-17.48.12:913][  0]LogWindows:    1. 'NVIDIA GeForce GTX 765M' (P:0 D:1)
[2017.12.20-17.48.12:914][  0]LogWindows:    2. 'NVIDIA GeForce GTX 765M' (P:0 D:0)
[2017.12.20-17.48.12:914][  0]LogWindows:    3. 'NVIDIA GeForce GTX 765M' (P:0 D:0)
[2017.12.20-17.48.12:914][  0]LogWindows: DebugString: FoundDriverCount:4 
[2017.12.20-17.48.12:914][  0]LogD3D11RHI:     Adapter Name: NVIDIA GeForce GTX 765M
[2017.12.20-17.48.12:914][  0]LogD3D11RHI:   Driver Version: 388.31 (internal:23.21.13.8831, unified:388.31)
[2017.12.20-17.48.12:914][  0]LogD3D11RHI:      Driver Date: 11-14-2017
[2017.12.20-17.48.12:914][  0]LogRHI: Texture pool is 1361 MB (70% of 1945 MB)
[2017.12.20-17.48.12:944][  0]LogD3D11RHI: Async texture creation enabled
[2017.12.20-17.48.12:972][  0]LogD3D11RHI: GPU Timing Frequency: 1000.000000 (Debug: 2 1)
[2017.12.20-17.48.12:974][  0]LogShaderCompilers: Guid format shader working directory is -15 characters bigger than the processId version (C:/Users/jamie/Desktop/UE4Noobs/Project/URNoobs/SniperAcademy/Intermediate/Shaders/WorkingDirectory/9456/).
[2017.12.20-17.48.12:974][  0]LogShaderCompilers: Cleaned the shader compiler working directory 'C:/Users/jamie/AppData/Local/Temp/UnrealShaderWorkingDir/C28FC6784BD38C87DFE9E693DB9FFEB8/'.
[2017.12.20-17.48.12:975][  0]LogShaderCompilers: Display: Using Local Shader Compiler.
[2017.12.20-17.48.13:975][  0]LogTemp: Display: Loaded TP AllDesktopTargetPlatform
[2017.12.20-17.48.14:024][  0]LogTemp: Display: Loaded TP MacClientTargetPlatform
[2017.12.20-17.48.14:072][  0]LogTemp: Display: Loaded TP MacNoEditorTargetPlatform
[2017.12.20-17.48.14:122][  0]LogTemp: Display: Loaded TP MacServerTargetPlatform
[2017.12.20-17.48.14:169][  0]LogTemp: Display: Loaded TP MacTargetPlatform
[2017.12.20-17.48.14:219][  0]LogTemp: Display: Loaded TP WindowsClientTargetPlatform
[2017.12.20-17.48.14:267][  0]LogTemp: Display: Loaded TP WindowsNoEditorTargetPlatform
[2017.12.20-17.48.14:315][  0]LogTemp: Display: Loaded TP WindowsServerTargetPlatform
[2017.12.20-17.48.14:356][  0]LogTemp: Display: Loaded TP WindowsTargetPlatform
[2017.12.20-17.48.14:403][  0]LogTemp: Display: Loaded TP AndroidTargetPlatform
[2017.12.20-17.48.14:450][  0]LogTemp: Display: Loaded TP Android_ASTCTargetPlatform
[2017.12.20-17.48.14:498][  0]LogTemp: Display: Loaded TP Android_ATCTargetPlatform
[2017.12.20-17.48.14:545][  0]LogTemp: Display: Loaded TP Android_DXTTargetPlatform
[2017.12.20-17.48.14:595][  0]LogTemp: Display: Loaded TP Android_ETC1TargetPlatform
[2017.12.20-17.48.14:656][  0]LogTemp: Display: Loaded TP Android_ETC2TargetPlatform
[2017.12.20-17.48.14:768][  0]LogTemp: Display: Loaded TP Android_MultiTargetPlatform
[2017.12.20-17.48.14:768][  0]LogTemp: Display: Loaded TP Android_PVRTCTargetPlatform
[2017.12.20-17.48.14:809][  0]LogTemp: Display: Loaded TP HTML5TargetPlatform
[2017.12.20-17.48.14:905][  0]LogTemp: Display: Loaded TP IOSTargetPlatform
[2017.12.20-17.48.14:935][  0]LogTemp: Display: Loaded TP TVOSTargetPlatform
[2017.12.20-17.48.14:990][  0]LogTemp: Display: Loaded TP LinuxClientTargetPlatform
[2017.12.20-17.48.15:042][  0]LogTemp: Display: Loaded TP LinuxNoEditorTargetPlatform
[2017.12.20-17.48.15:103][  0]LogTemp: Display: Loaded TP LinuxServerTargetPlatform
[2017.12.20-17.48.15:154][  0]LogTemp: Display: Loaded TP LinuxTargetPlatform
[2017.12.20-17.48.15:154][  0]LogTargetPlatformManager: Display: Building Assets For Windows
[2017.12.20-17.48.15:568][  0]LogDerivedDataCache: Display: Max Cache Size: 512 MB
[2017.12.20-17.48.15:665][  0]LogDerivedDataCache: Loaded boot cache 0.10s 93MB C:/Users/jamie/AppData/Local/UnrealEngine/4.17/DerivedDataCache/Boot.ddc.
[2017.12.20-17.48.15:665][  0]LogDerivedDataCache: Display: Loaded Boot cache: C:/Users/jamie/AppData/Local/UnrealEngine/4.17/DerivedDataCache/Boot.ddc
[2017.12.20-17.48.15:665][  0]LogDerivedDataCache: FDerivedDataBackendGraph:  Pak pak cache file C:/Users/jamie/Desktop/UE4Noobs/Project/URNoobs/SniperAcademy/DerivedDataCache/DDC.ddp not found, will not use a pak cache.
[2017.12.20-17.48.15:665][  0]LogDerivedDataCache: Unable to find inner node Pak for hierarchical cache Hierarchy.
[2017.12.20-17.48.15:665][  0]LogDerivedDataCache: FDerivedDataBackendGraph:  CompressedPak pak cache file C:/Users/jamie/Desktop/UE4Noobs/Project/URNoobs/SniperAcademy/DerivedDataCache/Compressed.ddp not found, will not use a pak cache.
[2017.12.20-17.48.15:665][  0]LogDerivedDataCache: Unable to find inner node CompressedPak for hierarchical cache Hierarchy.
[2017.12.20-17.48.15:682][  0]LogDerivedDataCache: Display: Pak cache opened for reading ../../../Engine/DerivedDataCache/Compressed.ddp.
[2017.12.20-17.48.15:694][  0]LogDerivedDataCache: Using Local data cache path C:/Users/jamie/AppData/Local/UnrealEngine/Common/DerivedDataCache: Writable
[2017.12.20-17.48.15:704][  0]LogMaterial: Verifying Global Shaders for PCD3D_SM5
[2017.12.20-17.48.15:705][  0]LogSlate: Using Freetype 2.6.0
[2017.12.20-17.48.15:706][  0]LogSlate: SlateFontCache - WITH_FREETYPE: 1, WITH_HARFBUZZ: 1
[2017.12.20-17.48.15:706][  0]LogSlate: SlateFontCache - WITH_FREETYPE: 1, WITH_HARFBUZZ: 1
[2017.12.20-17.48.16:000][  0]LogAssetRegistry: FAssetRegistry took 0.0268 seconds to start up
[2017.12.20-17.48.16:119][  0]LogInit: Selected Device Profile: [Windows]
[2017.12.20-17.48.16:469][  0]LogSimplygon: Simplygon DLL not present - disabling.
[2017.12.20-17.48.16:504][  0]LogMeshReduction: Using SimplygonSwarm for distributed automatic mesh merging
[2017.12.20-17.48.16:504][  0]LogMeshReduction: Using QuadricMeshReduction for automatic static mesh reduction
[2017.12.20-17.48.16:504][  0]LogMeshReduction: No automatic skeletal mesh reduction module available
[2017.12.20-17.48.16:504][  0]LogMeshReduction: No automatic mesh merging module available
[2017.12.20-17.48.16:504][  0]LogMeshMerging: No automatic mesh merging module available
[2017.12.20-17.48.16:520][  0]LogContentStreaming: Texture pool size is 0.00 MB
[2017.12.20-17.48.16:955][  0]LogNetVersion: SniperAcademy , NetCL: 3573198, EngineNetVer: 2, GameNetVer: 0 (Checksum: 2105103927)
[2017.12.20-17.48.17:156][  0]LogPackageLocalizationCache: Processed 5 localized package path(s) for 2 prioritized culture(s) in 0.041173 seconds
[2017.12.20-17.48.17:163][  0]LogUObjectArray: 35825 objects as part of root set at end of initial load.
[2017.12.20-17.48.17:163][  0]LogUObjectAllocator: 7529104 out of 0 bytes used by permanent object pool.
[2017.12.20-17.48.17:163][  0]LogUObjectArray: CloseDisregardForGC: 0/0 objects in disregard for GC pool
[2017.12.20-17.48.17:209][  0]LogInit: WinSock: version 1.1 (2.2), MaxSocks=32767, MaxUdp=65467
[2017.12.20-17.48.19:808][  0]LogTcpMessaging: Initializing TcpMessaging bridge
[2017.12.20-17.48.19:845][  0]LogUdpMessaging: Initializing bridge on interface 0.0.0.0:0 to multicast group 230.0.0.1:6666.
[2017.12.20-17.48.20:505][  0]LogMaterial: Uniform references updated for custom material expression Custom.
[2017.12.20-17.48.20:906][  0]SourceControl: Source control is disabled
[2017.12.20-17.48.20:906][  0]SourceControl: Source control is disabled
[2017.12.20-17.48.20:953][  0]SourceControl: Source control is disabled
[2017.12.20-17.48.21:000][  0]SourceControl: Source control is disabled
[2017.12.20-17.48.21:552][  0]LogAndroidPermission: UAndroidPermissionCallbackProxy::GetInstance
[2017.12.20-17.48.21:788][  0]LogOcInput: OculusInput pre-init called
[2017.12.20-17.48.22:029][  0]LogEngine: Initializing Engine...
[2017.12.20-17.48.22:031][  0]LogHMD: Failed to initialize OpenVR with code 110
[2017.12.20-17.48.22:261][  0]LogStats: UGameplayTagsManager::ConstructGameplayTagTree: Construct from data asset -  0.000 s
[2017.12.20-17.48.22:261][  0]LogStats: UGameplayTagsManager::ConstructGameplayTagTree: GameplayTagTreeChangedEvent.Broadcast -  0.000 s
[2017.12.20-17.48.22:375][  0]LogAIModule: Creating AISystem for world Untitled
[2017.12.20-17.48.22:385][  0]LogInit: XAudio2 using 'Headset Earphone (HyperX 7.1 Audio)' : 2 channels at 44.1 kHz using 16 bits per sample (channel mask 0x3)
[2017.12.20-17.48.22:458][  0]LogInit: FAudioDevice initialized.
[2017.12.20-17.48.22:686][  0]LogDerivedDataCache: Saved boot cache 0.23s 93MB C:/Users/jamie/AppData/Local/UnrealEngine/4.17/DerivedDataCache/Boot.ddc.
[2017.12.20-17.48.22:692][  0]LogInit: Texture streaming: Enabled
[2017.12.20-17.48.22:777][  0]LogEngineSessionManager: EngineSessionManager initialized
[2017.12.20-17.48.22:969][  0]LogInit: Transaction tracking system initialized
[2017.12.20-17.48.23:240][  0]BlueprintLog: New page: Editor Load
[2017.12.20-17.48.24:025][  0]LocalizationService: Localization service is disabled
[2017.12.20-17.48.24:920][  0]LogConsoleResponse: Display: 
[2017.12.20-17.48.25:088][  0]LogCook: Display: Max memory allowance for cook 16384mb min free memory 0mb
[2017.12.20-17.48.25:088][  0]LogCook: Display: Mobile HDR setting 1
[2017.12.20-17.48.25:088][  0]LogGameplayTags: Display: UGameplayTagsManager::DoneAddingNativeTags. DelegateIsBound: 0
[2017.12.20-17.48.25:138][  0]LogFileCache: Scanning file cache for directory 'C:/Users/jamie/Desktop/UE4Noobs/Project/URNoobs/SniperAcademy/Content/' took 0.01s
[2017.12.20-17.48.26:043][  0]SourceControl: Source control is disabled
[2017.12.20-17.48.26:043][  0]Cmd: MAP LOAD FILE="C:/Users/jamie/Desktop/UE4Noobs/Project/URNoobs/SniperAcademy/Content/Assets/Map/StartScreen.umap" TEMPLATE=0 SHOWPROGRESS=1 FEATURELEVEL=3
[2017.12.20-17.48.26:044][  0]LightingResults: New page: Lighting Build
[2017.12.20-17.48.26:079][  0]MapCheck: New page: Map Check
[2017.12.20-17.48.26:079][  0]LightingResults: New page: Lighting Build
[2017.12.20-17.48.26:118][  0]LogAIModule: Creating AISystem for world StartScreen
[2017.12.20-17.48.26:121][  0]LogEditorServer: Finished looking for orphan Actors (0.000 secs)
[2017.12.20-17.48.26:132][  0]Cmd: MAP CHECKDEP NOCLEARLOG
[2017.12.20-17.48.26:191][  0]MapCheck: Map check complete: 0 Error(s), 0 Warning(s), took 59.778ms to complete.
[2017.12.20-17.48.26:192][  0]LogFileHelpers: Loading map 'StartScreen' took 0.148
[2017.12.20-17.48.26:338][  0]LogCollectionManager: Loaded 0 collections in 0.001274 seconds
[2017.12.20-17.48.26:412][  0]LogFileCache: Scanning file cache for directory 'C:/Users/jamie/Desktop/UE4Noobs/Project/URNoobs/SniperAcademy/Saved/Collections/' took 0.01s
[2017.12.20-17.48.26:412][  0]LogFileCache: Scanning file cache for directory 'C:/Users/jamie/Desktop/UE4Noobs/Project/URNoobs/SniperAcademy/Content/Developers/jamie/Collections/' took 0.01s
[2017.12.20-17.48.26:412][  0]LogFileCache: Scanning file cache for directory 'C:/Users/jamie/Desktop/UE4Noobs/Project/URNoobs/SniperAcademy/Content/Collections/' took 0.01s
[2017.12.20-17.48.26:412][  0]LogCollectionManager: Rebuilt the GUID cache for 0 collections in 0.000000 seconds
[2017.12.20-17.48.26:424][  0]LogContentBrowser: Native class hierarchy populated in 0.0112 seconds. Added 2388 classes and 502 folders.
[2017.12.20-17.48.26:479][  0]LogContentBrowser: Native class hierarchy updated for 'WidgetCarousel' in 0.0020 seconds. Added 0 classes and 0 folders.
[2017.12.20-17.48.26:543][  0]LogContentBrowser: Native class hierarchy updated for 'AddContentDialog' in 0.0020 seconds. Added 0 classes and 0 folders.
[2017.12.20-17.48.26:584][  0]LogContentBrowser: Native class hierarchy updated for 'SceneOutliner' in 0.0020 seconds. Added 1 classes and 2 folders.
[2017.12.20-17.48.26:649][  0]LogSlate: Took 0.000273 seconds to synchronously load lazily loaded font '../../../Engine/Content/Slate/Fonts/Roboto-Regular.ttf' (155K)
[2017.12.20-17.48.26:651][  0]LogSlate: Took 0.000304 seconds to synchronously load lazily loaded font '../../../Engine/Content/Slate/Fonts/Roboto-Bold.ttf' (160K)
[2017.12.20-17.48.26:657][  0]LogSlate: Took 0.000264 seconds to synchronously load lazily loaded font '../../../Engine/Content/Editor/Slate/Fonts/FontAwesome.ttf' (139K)
[2017.12.20-17.48.26:754][  0]LogRenderer: Reallocating scene render targets to support 920x456 Format 9 NumSamples 1 (Frame:1).
[2017.12.20-17.48.26:786][  0]LogSlate: Took 0.000276 seconds to synchronously load lazily loaded font '../../../Engine/Content/Slate/Fonts/Roboto-Light.ttf' (159K)
[2017.12.20-17.48.26:911][  0]LogContentBrowser: Native class hierarchy updated for 'HierarchicalLODOutliner' in 0.0023 seconds. Added 1 classes and 2 folders.
[2017.12.20-17.48.26:912][  0]LogLoad: (Engine Initialization) Total time: 17.51 seconds
[2017.12.20-17.48.26:912][  0]LogLoad: (Engine Initialization) Total Blueprint compile time: 0.00 seconds
[2017.12.20-17.48.26:912][  0]LogExternalProfiler: Found external profiler: VSPerf
[2017.12.20-17.48.26:912][  0]LogExternalProfiler: Using external profiler: VSPerf
[2017.12.20-17.48.27:270][  0]LogContentStreaming: Texture pool size now 400 MB
[2017.12.20-17.48.27:590][  1]LogAssetRegistry: Asset discovery search completed in 11.6121 seconds
[2017.12.20-17.48.27:592][  1]LogCollectionManager: Rebuilt the object cache for 0 collections in 0.000000 seconds (found 0 objects)
[2017.12.20-17.48.27:592][  1]LogCollectionManager: Fixed up redirectors for 0 collections in 0.000038 seconds (updated 0 objects)
[2017.12.20-17.49.01:253][273]LogSlate: Took 0.000236 seconds to synchronously load lazily loaded font '../../../Engine/Content/Slate/Fonts/Roboto-Light.ttf' (159K)
[2017.12.20-17.49.14:765][429]LogVSAccessor: Warning: Couldn't goto line number '0' in 'C:/Users/jamie/Desktop/UE4Noobs/Project/URNoobs/SniperAcademy/Source/SniperAcademy/SniperPlayerController.h'
[2017.12.20-17.49.14:812][429]LogVSAccessor: Warning: Couldn't goto line number '0' in 'C:/Users/jamie/Desktop/UE4Noobs/Project/URNoobs/SniperAcademy/Source/SniperAcademy/SniperPlayerController.cpp'
[2017.12.20-17.55.19:727][855]LogAIModule: Creating AISystem for world GameScreen
[2017.12.20-17.55.19:753][855]Cmd: MAP LOAD FILE="C:/Users/jamie/Desktop/UE4Noobs/Project/URNoobs/SniperAcademy/Content/Assets/Map/GameScreen.umap" TEMPLATE=0 SHOWPROGRESS=1 FEATURELEVEL=3
[2017.12.20-17.55.19:753][855]LightingResults: New page: Lighting Build
[2017.12.20-17.55.19:754][855]LoadErrors: New page: Loading map: GameScreen.umap
[2017.12.20-17.55.19:754][855]MapCheck: New page: Map Check
[2017.12.20-17.55.19:754][855]LightingResults: New page: Lighting Build
[2017.12.20-17.55.19:840][855]LogEditorServer: Finished looking for orphan Actors (0.000 secs)
[2017.12.20-17.55.19:869][855]Cmd: MAP CHECKDEP NOCLEARLOG
[2017.12.20-17.55.19:937][855]MapCheck: Map check complete: 0 Error(s), 0 Warning(s), took 68.35ms to complete.
[2017.12.20-17.55.19:937][855]LogFileHelpers: Loading map 'GameScreen' took 0.185
[2017.12.20-17.57.21:334][169]LogVSAccessor: Warning: Couldn't access Visual Studio
[2017.12.20-17.57.23:500][169]Candidate modules for hot reload:
[2017.12.20-17.57.23:500][169]  SniperAcademy
[2017.12.20-17.57.23:500][169]Launching UnrealBuildTool... [E:/UE4/UE_4.17/Engine/Binaries/DotNET/UnrealBuildTool.exe SniperAcademy -ModuleWithSuffix SniperAcademy 8219 Win64 Development -editorrecompile -canskiplink "C:/Users/jamie/Desktop/UE4Noobs/Project/URNoobs/SniperAcademy/SniperAcademy.uproject" ]
[2017.12.20-17.57.23:509][169]Warning: Starting HotReload took  2.2s.
